2025-05-23 11:12:48,482 [ERROR] Error getting page content in async: Page.content: Target page, context or browser has been closed
2025-05-23 11:18:35,362 [ERROR] Error executing async page_action: Page.click: Timeout 5000ms exceeded.
Call log:
  - waiting for locator("button[id = 'CurrentModality-button-A11Y-FOCUS-ID']")

2025-05-23 11:18:37,189 [INFO] Fetched (200) <GET https://www.harristeeter.com/> (referer: https://www.google.com/search?q=harristeeter)
2025-05-23 11:18:38,019 [INFO] 🔍 Fetching UPC 009800895007
2025-05-23 11:18:53,106 [WARNING] ❌ Failed to fetch 009800895007: The read operation timed out
2025-05-23 11:24:19,710 [ERROR] Error executing async page_action: Page.click: Timeout 5000ms exceeded.
Call log:
  - waiting for locator("button[data-testid = 'CurrentModality-button']")
    - locator resolved to <button type="button" aria-expanded="false" data-testid="CurrentModality-button" id="CurrentModality-button-A11Y-FOCUS-ID" class="hover:bg-neutral-more-subtle cursor-pointer px-2 rounded-small CurrentModality-button py-0 text-left mbn">…</button>
  - attempting click action
    - waiting for element to be visible, enabled and stable
    - element is visible, enabled and stable
    - scrolling into view if needed
    - done scrolling
    - performing click action

2025-05-23 11:24:19,868 [INFO] Fetched (200) <GET https://www.harristeeter.com/> (referer: https://www.google.com/search?q=harristeeter)
2025-05-23 11:24:20,767 [INFO] 🔍 Fetching UPC 009800895007
2025-05-23 11:24:35,908 [WARNING] ❌ Failed to fetch 009800895007: The read operation timed out
2025-05-23 11:29:13,033 [ERROR] Error executing async page_action: Page.click: Timeout 5000ms exceeded.
Call log:
  - waiting for locator("button[data-testid = 'CurrentModality-button']")
    - locator resolved to <button type="button" aria-expanded="false" data-testid="CurrentModality-button" id="CurrentModality-button-A11Y-FOCUS-ID" class="hover:bg-neutral-more-subtle cursor-pointer px-2 rounded-small CurrentModality-button py-0 text-left mbn">…</button>
  - attempting click action
    - waiting for element to be visible, enabled and stable
    - element is visible, enabled and stable
    - scrolling into view if needed
    - done scrolling
    - performing click action

2025-05-23 11:29:13,663 [INFO] Fetched (200) <GET https://www.harristeeter.com/> (referer: https://www.google.com/search?q=harristeeter)
2025-05-23 11:29:14,550 [INFO] 🔍 Fetching UPC 009800895007
2025-05-23 11:29:29,629 [WARNING] ❌ Failed to fetch 009800895007: The read operation timed out
2025-05-23 11:30:01,626 [ERROR] Error executing async page_action: Page.click: Timeout 5000ms exceeded.
Call log:
  - waiting for locator("button[data-testid = 'CurrentModality-button']")

2025-05-23 11:30:02,356 [INFO] Fetched (200) <GET https://www.harristeeter.com/> (referer: https://www.google.com/search?q=harristeeter)
2025-05-23 11:30:03,196 [INFO] 🔍 Fetching UPC 009800895007
2025-05-23 11:30:18,279 [WARNING] ❌ Failed to fetch 009800895007: The read operation timed out
2025-05-23 11:33:52,121 [ERROR] Error executing async page_action: 'Page' object has no attribute 'load_timeout'
2025-05-23 11:33:52,258 [INFO] Fetched (200) <GET https://www.harristeeter.com/> (referer: https://www.google.com/search?q=harristeeter)
2025-05-23 11:37:29,935 [ERROR] Error executing async page_action: Page.fill: Timeout 5000ms exceeded.
Call log:
  - waiting for locator("#kds-Input kds-Input--compact kds-SolitarySearch-input kds-Input--search min-w-0")

2025-05-23 11:37:30,080 [INFO] Fetched (200) <GET https://www.harristeeter.com/> (referer: https://www.google.com/search?q=harristeeter)
2025-05-23 11:39:54,500 [INFO] Fetched (200) <GET https://www.harristeeter.com/> (referer: https://www.google.com/search?q=harristeeter)
2025-05-23 11:42:28,467 [ERROR] Error executing async page_action: Page.wait_for_selector: Timeout 5000ms exceeded.
Call log:
  - waiting for locator("button[data-testid = 'SelectStore-09700352']") to be visible

2025-05-23 11:42:28,599 [INFO] Fetched (200) <GET https://www.harristeeter.com/> (referer: https://www.google.com/search?q=harristeeter)
2025-05-23 12:00:54,406 [ERROR] Error executing async page_action: Page.wait_for_selector: Timeout 5000ms exceeded.
Call log:
  - waiting for locator("button[data-testid = 'SelectStore-09700352']") to be visible

2025-05-23 12:00:54,559 [INFO] Fetched (200) <GET https://www.harristeeter.com/> (referer: https://www.google.com/search?q=harristeeter)
2025-05-23 12:02:00,949 [ERROR] Error executing async page_action: Page.wait_for_selector: Timeout 5000ms exceeded.
Call log:
  - waiting for locator("button[data-testid = 'CurrentModality-button']") to be visible

2025-05-23 12:02:01,945 [INFO] Fetched (200) <GET https://www.harristeeter.com/pr/welcome-delivery> (referer: https://www.google.com/search?q=harristeeter)
2025-05-23 12:03:23,620 [ERROR] Error executing async page_action: Page.wait_for_selector: Timeout 5000ms exceeded.
Call log:
  - waiting for locator("button[data-testid = 'SelectStore-09700352']") to be visible

2025-05-23 12:03:23,778 [INFO] Fetched (200) <GET https://www.harristeeter.com/> (referer: https://www.google.com/search?q=harristeeter)
2025-05-23 12:04:52,007 [ERROR] Error executing async page_action: Page.click: Timeout 5000ms exceeded.
Call log:
  - waiting for locator("button[data-testid = 'CurrentModality-button']")
    - locator resolved to <button type="button" aria-expanded="false" data-testid="CurrentModality-button" id="CurrentModality-button-A11Y-FOCUS-ID" class="hover:bg-neutral-more-subtle cursor-pointer px-2 rounded-small CurrentModality-button py-0 text-left mbn">…</button>
  - attempting click action
    - waiting for element to be visible, enabled and stable
    - element is visible, enabled and stable
    - scrolling into view if needed
    - done scrolling
    - performing click action

2025-05-23 12:04:52,334 [INFO] Fetched (200) <GET https://www.harristeeter.com/> (referer: https://www.google.com/search?q=harristeeter)
2025-05-23 12:05:43,914 [ERROR] Error executing async page_action: Page.wait_for_selector: Timeout 5000ms exceeded.
Call log:
  - waiting for locator("button[data-testid = 'SelectStore-09700352']") to be visible

2025-05-23 12:05:44,058 [INFO] Fetched (200) <GET https://www.harristeeter.com/> (referer: https://www.google.com/search?q=harristeeter)
2025-05-23 13:40:55,113 [ERROR] Error executing async page_action: Page.wait_for_selector: Timeout 5000ms exceeded.
Call log:
  - waiting for locator("button[data-testid = 'SelectStore-09700352']") to be visible

2025-05-23 13:40:55,247 [INFO] Fetched (200) <GET https://www.harristeeter.com/> (referer: https://www.google.com/search?q=harristeeter)
2025-05-23 13:41:30,139 [ERROR] Error executing async page_action: Page.wait_for_selector: Timeout 5000ms exceeded.
Call log:
  - waiting for locator("button[data-testid = 'SelectStore-09700352']") to be visible

2025-05-23 13:41:30,504 [INFO] Fetched (200) <GET https://www.harristeeter.com/> (referer: https://www.google.com/search?q=harristeeter)
2025-05-23 13:43:12,122 [ERROR] Error executing async page_action: Page.wait_for_selector: Timeout 5000ms exceeded.
Call log:
  - waiting for locator("button[data-testid = 'SelectStore-09700352']") to be visible

2025-05-23 13:43:12,271 [INFO] Fetched (200) <GET https://www.harristeeter.com/> (referer: https://www.google.com/search?q=harristeeter)
2025-05-23 13:43:59,375 [INFO] Fetched (200) <GET https://www.harristeeter.com/> (referer: https://www.google.com/search?q=harristeeter)
2025-05-23 13:45:54,596 [INFO] Fetched (200) <GET https://www.harristeeter.com/> (referer: https://www.google.com/search?q=harristeeter)
2025-05-23 13:53:14,225 [INFO] Fetched (200) <GET https://www.harristeeter.com/> (referer: https://www.google.com/search?q=harristeeter)
2025-05-23 13:58:25,999 [INFO] Fetched (200) <GET https://www.harristeeter.com/> (referer: https://www.google.com/search?q=harristeeter)
2025-05-23 14:01:27,110 [INFO] Fetched (200) <GET https://www.harristeeter.com/> (referer: https://www.google.com/search?q=harristeeter)
2025-05-23 14:01:27,958 [INFO] 🔍 Fetching UPC 009800895007
2025-05-23 14:01:43,161 [WARNING] ❌ Failed to fetch 009800895007: The read operation timed out
2025-05-23 14:07:09,135 [ERROR] Error executing async page_action: Page.click: Timeout 5000ms exceeded.
Call log:
  - waiting for locator("button[data-testid = 'CurrentModality-button']")
    - locator resolved to <button type="button" aria-expanded="false" data-testid="CurrentModality-button" id="CurrentModality-button-A11Y-FOCUS-ID" class="hover:bg-neutral-more-subtle cursor-pointer px-2 rounded-small CurrentModality-button py-0 text-left mbn">…</button>
  - attempting click action
    - waiting for element to be visible, enabled and stable
    - element is visible, enabled and stable
    - scrolling into view if needed
    - done scrolling
    - performing click action

2025-05-23 14:07:14,507 [INFO] Fetched (200) <GET https://www.harristeeter.com/> (referer: https://www.google.com/search?q=harristeeter)
2025-05-23 14:07:15,448 [INFO] 🔍 Fetching UPC 009800895007
2025-05-23 14:07:30,590 [WARNING] ❌ Failed to fetch 009800895007: The read operation timed out
2025-05-23 14:11:15,129 [INFO] Fetched (200) <GET https://www.harristeeter.com/> (referer: https://www.google.com/search?q=harristeeter)
