2025-06-03 12:10:15,901 [INFO] Fetched (200) <GET https://www.wholefoodsmarket.com/> (referer: https://www.google.com/search?q=wholefoodsmarket)
2025-06-03 12:10:16,852 [INFO] API reports 14849 total SKUs
2025-06-03 12:10:16,853 [INFO] Fetched  60 new items (offset=0, cumulative=60)
2025-06-03 12:10:16,973 [INFO] Fetched  60 new items (offset=60, cumulative=120)
2025-06-03 12:10:17,157 [INFO] Fetched  60 new items (offset=120, cumulative=180)
2025-06-03 12:10:17,311 [INFO] Fetched  57 new items (offset=180, cumulative=237)
2025-06-03 12:10:17,452 [INFO] Fetched  60 new items (offset=240, cumulative=297)
2025-06-03 12:10:17,609 [INFO] Fetched  57 new items (offset=300, cumulative=354)
2025-06-03 12:10:17,840 [INFO] Fetched  59 new items (offset=360, cumulative=413)
2025-06-03 12:10:17,997 [INFO] Fetched  35 new items (offset=420, cumulative=448)
2025-06-03 12:10:18,139 [INFO] Fetched  54 new items (offset=480, cumulative=502)
2025-06-03 12:10:18,294 [INFO] Fetched  50 new items (offset=540, cumulative=552)
2025-06-03 12:10:18,430 [INFO] Fetched  31 new items (offset=600, cumulative=583)
2025-06-03 12:10:18,568 [INFO] Fetched  50 new items (offset=660, cumulative=633)
2025-06-03 12:10:18,720 [INFO] Fetched  37 new items (offset=720, cumulative=670)
2025-06-03 12:10:18,881 [INFO] Fetched  44 new items (offset=780, cumulative=714)
2025-06-03 12:10:19,000 [INFO] Fetched  55 new items (offset=840, cumulative=769)
2025-06-03 12:10:19,142 [INFO] Fetched  46 new items (offset=900, cumulative=815)
2025-06-03 12:10:19,318 [INFO] Fetched  42 new items (offset=960, cumulative=857)
2025-06-03 12:10:19,448 [INFO] Fetched  60 new items (offset=1020, cumulative=917)
2025-06-03 12:10:19,600 [INFO] Fetched  22 new items (offset=1080, cumulative=939)
2025-06-03 12:10:19,748 [INFO] Fetched  53 new items (offset=1140, cumulative=992)
2025-06-03 12:10:19,893 [INFO] Fetched  60 new items (offset=1200, cumulative=1052)
2025-06-03 12:10:20,098 [INFO] Fetched  56 new items (offset=1260, cumulative=1108)
2025-06-03 12:10:20,332 [INFO] Fetched  48 new items (offset=1320, cumulative=1156)
2025-06-03 12:10:20,469 [INFO] Fetched  34 new items (offset=1380, cumulative=1190)
2025-06-03 12:10:20,706 [INFO] Fetched  47 new items (offset=1440, cumulative=1237)
2025-06-03 12:10:20,843 [INFO] Fetched  37 new items (offset=1500, cumulative=1274)
2025-06-03 12:10:20,986 [INFO] Fetched  57 new items (offset=1560, cumulative=1331)
2025-06-03 12:10:21,149 [INFO] Fetched  30 new items (offset=1620, cumulative=1361)
2025-06-03 12:10:21,293 [INFO] Fetched  60 new items (offset=1680, cumulative=1421)
2025-06-03 12:10:21,437 [INFO] Fetched  39 new items (offset=1740, cumulative=1460)
2025-06-03 12:10:21,576 [INFO] Fetched  47 new items (offset=1800, cumulative=1507)
2025-06-03 12:10:21,701 [INFO] Fetched  45 new items (offset=1860, cumulative=1552)
2025-06-03 12:10:21,867 [INFO] Fetched  51 new items (offset=1920, cumulative=1603)
2025-06-03 12:10:22,015 [INFO] Fetched  38 new items (offset=1980, cumulative=1641)
2025-06-03 12:10:22,183 [INFO] Fetched  28 new items (offset=2040, cumulative=1669)
2025-06-03 12:10:22,317 [INFO] Fetched  36 new items (offset=2100, cumulative=1705)
2025-06-03 12:10:22,437 [INFO] Fetched  60 new items (offset=2160, cumulative=1765)
2025-06-03 12:10:22,627 [INFO] Fetched  37 new items (offset=2220, cumulative=1802)
2025-06-03 12:10:22,775 [INFO] Fetched  23 new items (offset=2280, cumulative=1825)
2025-06-03 12:10:22,920 [INFO] Fetched  42 new items (offset=2340, cumulative=1867)
2025-06-03 12:10:23,143 [INFO] Fetched  50 new items (offset=2400, cumulative=1917)
2025-06-03 12:10:23,321 [INFO] Fetched  32 new items (offset=2460, cumulative=1949)
2025-06-03 12:10:23,501 [INFO] Fetched  48 new items (offset=2520, cumulative=1997)
2025-06-03 12:10:23,655 [INFO] Fetched  59 new items (offset=2580, cumulative=2056)
2025-06-03 12:10:23,885 [INFO] Fetched  42 new items (offset=2640, cumulative=2098)
2025-06-03 12:10:24,068 [INFO] Fetched  51 new items (offset=2700, cumulative=2149)
2025-06-03 12:10:24,210 [INFO] Fetched  54 new items (offset=2760, cumulative=2203)
2025-06-03 12:10:24,345 [INFO] Fetched  39 new items (offset=2820, cumulative=2242)
2025-06-03 12:10:24,495 [INFO] Fetched  33 new items (offset=2880, cumulative=2275)
2025-06-03 12:10:24,654 [INFO] Fetched  60 new items (offset=2940, cumulative=2335)
2025-06-03 12:10:24,796 [INFO] Fetched  46 new items (offset=3000, cumulative=2381)
2025-06-03 12:10:24,949 [INFO] Fetched  37 new items (offset=3060, cumulative=2418)
2025-06-03 12:10:25,063 [INFO] Fetched  56 new items (offset=3120, cumulative=2474)
2025-06-03 12:10:25,204 [INFO] Fetched  56 new items (offset=3180, cumulative=2530)
2025-06-03 12:10:25,329 [INFO] Fetched  60 new items (offset=3240, cumulative=2590)
2025-06-03 12:10:25,480 [INFO] Fetched  43 new items (offset=3300, cumulative=2633)
2025-06-03 12:10:25,650 [INFO] Fetched  35 new items (offset=3360, cumulative=2668)
2025-06-03 12:13:31,591 [INFO] Fetched (200) <GET https://www.wholefoodsmarket.com/> (referer: https://www.google.com/search?q=wholefoodsmarket)
2025-06-03 12:13:33,601 [INFO] API reports 14849 total SKUs
2025-06-03 12:13:33,602 [INFO] Fetched  60 new items (offset=0, cumulative=60)
2025-06-03 12:13:34,776 [INFO] Fetched  56 new items (offset=60, cumulative=116)
2025-06-03 12:13:35,314 [INFO] Fetched  59 new items (offset=120, cumulative=175)
2025-06-03 12:13:36,481 [INFO] Fetched  57 new items (offset=180, cumulative=232)
2025-06-03 12:13:37,751 [INFO] Fetched  60 new items (offset=240, cumulative=292)
2025-06-03 12:13:38,285 [INFO] Fetched  60 new items (offset=300, cumulative=352)
2025-06-03 12:13:38,870 [INFO] Fetched  46 new items (offset=360, cumulative=398)
2025-06-03 12:13:40,040 [INFO] Fetched  53 new items (offset=420, cumulative=451)
2025-06-03 12:13:40,588 [INFO] Fetched  35 new items (offset=480, cumulative=486)
2025-06-03 12:13:41,124 [INFO] Fetched  29 new items (offset=540, cumulative=515)
2025-06-03 12:13:41,660 [INFO] Fetched  60 new items (offset=600, cumulative=575)
2025-06-03 12:13:42,208 [INFO] Fetched  50 new items (offset=660, cumulative=625)
2025-06-03 12:13:42,737 [INFO] Fetched  47 new items (offset=720, cumulative=672)
2025-06-03 12:13:43,909 [INFO] Fetched  39 new items (offset=780, cumulative=711)
2025-06-03 12:13:44,658 [INFO] Fetched  57 new items (offset=840, cumulative=768)
2025-06-03 12:13:46,000 [INFO] Fetched  54 new items (offset=900, cumulative=822)
2025-06-03 12:13:47,170 [INFO] Fetched  45 new items (offset=960, cumulative=867)
2025-06-03 12:13:47,724 [INFO] Fetched  39 new items (offset=1020, cumulative=906)
2025-06-03 12:13:48,897 [INFO] Fetched  57 new items (offset=1080, cumulative=963)
2025-06-03 12:13:50,139 [INFO] Fetched  27 new items (offset=1140, cumulative=990)
2025-06-03 12:13:51,497 [INFO] Fetched  38 new items (offset=1200, cumulative=1028)
2025-06-03 12:13:52,667 [INFO] Fetched  43 new items (offset=1260, cumulative=1071)
2025-06-03 12:13:53,202 [INFO] Fetched  60 new items (offset=1320, cumulative=1131)
2025-06-03 12:13:54,419 [INFO] Fetched  52 new items (offset=1380, cumulative=1183)
2025-06-03 12:13:55,804 [INFO] Fetched  22 new items (offset=1440, cumulative=1205)
2025-06-03 12:13:57,157 [INFO] Fetched   6 new items (offset=1500, cumulative=1211)
2025-06-03 12:13:58,426 [INFO] Fetched  59 new items (offset=1560, cumulative=1270)
2025-06-03 12:13:58,953 [INFO] Fetched  51 new items (offset=1620, cumulative=1321)
2025-06-03 12:13:59,500 [INFO] Fetched  44 new items (offset=1680, cumulative=1365)
2025-06-03 12:14:00,669 [INFO] Fetched  10 new items (offset=1740, cumulative=1375)
2025-06-03 12:14:01,250 [INFO] Fetched  32 new items (offset=1800, cumulative=1407)
2025-06-03 12:14:02,738 [INFO] Fetched  46 new items (offset=1860, cumulative=1453)
2025-06-03 12:14:04,092 [INFO] Fetched  58 new items (offset=1920, cumulative=1511)
2025-06-03 12:14:04,630 [INFO] Fetched  31 new items (offset=1980, cumulative=1542)
2025-06-03 16:54:58,084 [ERROR] Error executing async page_action: Expected store address to contain '20005', but doesn't
2025-06-03 16:54:58,187 [INFO] Fetched (200) <GET https://www.wholefoodsmarket.com/> (referer: https://www.google.com/search?q=wholefoodsmarket)
2025-06-03 16:56:19,853 [ERROR] Error executing async page_action: Expected store address to contain '20005', but doesn't
2025-06-03 16:56:19,883 [INFO] Fetched (200) <GET https://www.wholefoodsmarket.com/> (referer: https://www.google.com/search?q=wholefoodsmarket)
2025-06-03 16:57:09,163 [ERROR] Error executing async page_action: Expected store address to contain '20005', but doesn't
2025-06-03 16:57:09,193 [INFO] Fetched (200) <GET https://www.wholefoodsmarket.com/> (referer: https://www.google.com/search?q=wholefoodsmarket)
2025-06-03 16:59:17,869 [ERROR] Error executing async page_action: Expected store address to contain '20005', but doesn't
2025-06-03 16:59:17,902 [INFO] Fetched (200) <GET https://www.wholefoodsmarket.com/> (referer: https://www.google.com/search?q=wholefoodsmarket)
2025-06-03 17:03:10,380 [INFO] Fetched (200) <GET https://www.wholefoodsmarket.com/> (referer: https://www.google.com/search?q=wholefoodsmarket)
2025-06-03 17:03:12,478 [INFO] API reports 14850 total SKUs
2025-06-03 17:03:12,479 [INFO] Fetched  60 new items (offset=0, cumulative=60)
2025-06-03 17:03:13,671 [INFO] Fetched  56 new items (offset=60, cumulative=116)
2025-06-03 17:03:14,260 [INFO] Fetched  59 new items (offset=120, cumulative=175)
2025-06-03 17:03:14,829 [INFO] Fetched  57 new items (offset=180, cumulative=232)
2025-06-03 17:03:16,345 [INFO] Fetched  60 new items (offset=240, cumulative=292)
2025-06-03 17:03:16,895 [INFO] Fetched  57 new items (offset=300, cumulative=349)
2025-06-03 17:03:18,317 [INFO] Fetched  60 new items (offset=360, cumulative=409)
2025-06-03 17:03:19,659 [INFO] Fetched  53 new items (offset=420, cumulative=462)
2025-06-03 17:03:20,856 [INFO] Fetched  43 new items (offset=480, cumulative=505)
2025-06-03 17:03:22,137 [INFO] Fetched  52 new items (offset=540, cumulative=557)
2025-06-03 17:03:23,167 [INFO] Fetched  51 new items (offset=600, cumulative=608)
2025-06-03 17:03:23,706 [INFO] Fetched  38 new items (offset=660, cumulative=646)
2025-06-03 17:03:24,248 [INFO] Fetched  27 new items (offset=720, cumulative=673)
2025-06-03 17:03:24,765 [INFO] Fetched  57 new items (offset=780, cumulative=730)
2025-06-03 17:03:25,957 [INFO] Fetched  33 new items (offset=840, cumulative=763)
2025-06-03 17:03:26,516 [INFO] Fetched  54 new items (offset=900, cumulative=817)
2025-06-03 17:03:27,358 [INFO] Fetched  43 new items (offset=960, cumulative=860)
2025-06-03 17:03:27,907 [INFO] Fetched  47 new items (offset=1020, cumulative=907)
2025-06-03 17:03:28,703 [INFO] Fetched  29 new items (offset=1080, cumulative=936)
2025-06-03 17:03:29,256 [INFO] Fetched  60 new items (offset=1140, cumulative=996)
2025-06-03 17:03:29,846 [INFO] Fetched  25 new items (offset=1200, cumulative=1021)
2025-06-03 17:03:31,026 [INFO] Fetched  52 new items (offset=1260, cumulative=1073)
2025-06-03 17:03:31,569 [INFO] Fetched  60 new items (offset=1320, cumulative=1133)
2025-06-03 17:03:32,750 [INFO] Fetched  34 new items (offset=1380, cumulative=1167)
2025-06-03 17:03:33,292 [INFO] Fetched  11 new items (offset=1440, cumulative=1178)
2025-06-03 17:03:33,837 [INFO] Fetched  46 new items (offset=1500, cumulative=1224)
2025-06-03 17:03:34,358 [INFO] Fetched  37 new items (offset=1560, cumulative=1261)
2025-06-03 17:03:34,899 [INFO] Fetched  41 new items (offset=1620, cumulative=1302)
2025-06-03 17:03:35,439 [INFO] Fetched  48 new items (offset=1680, cumulative=1350)
2025-06-03 17:03:35,992 [INFO] Fetched  40 new items (offset=1740, cumulative=1390)
2025-06-03 17:03:36,531 [INFO] Fetched  37 new items (offset=1800, cumulative=1427)
2025-06-03 17:03:37,734 [INFO] Fetched  41 new items (offset=1860, cumulative=1468)
2025-06-03 17:03:38,305 [INFO] Fetched  50 new items (offset=1920, cumulative=1518)
2025-06-03 17:03:38,878 [INFO] Fetched  49 new items (offset=1980, cumulative=1567)
2025-06-03 17:03:39,402 [INFO] Fetched  49 new items (offset=2040, cumulative=1616)
2025-06-03 17:03:39,945 [INFO] Fetched  60 new items (offset=2100, cumulative=1676)
2025-06-03 17:03:40,482 [INFO] Fetched  60 new items (offset=2160, cumulative=1736)
2025-06-03 17:03:40,995 [INFO] Fetched  54 new items (offset=2220, cumulative=1790)
2025-06-03 17:03:41,543 [INFO] Fetched  43 new items (offset=2280, cumulative=1833)
2025-06-03 17:03:42,118 [INFO] Fetched  31 new items (offset=2340, cumulative=1864)
2025-06-03 17:03:42,680 [INFO] Fetched   9 new items (offset=2400, cumulative=1873)
2025-06-03 17:03:43,215 [INFO] Fetched  31 new items (offset=2460, cumulative=1904)
2025-06-03 17:03:43,749 [INFO] Fetched  45 new items (offset=2520, cumulative=1949)
2025-06-03 17:03:44,282 [INFO] Fetched  15 new items (offset=2580, cumulative=1964)
2025-06-03 17:03:44,839 [INFO] Fetched  54 new items (offset=2640, cumulative=2018)
2025-06-03 17:03:45,683 [INFO] Fetched  53 new items (offset=2700, cumulative=2071)
2025-06-03 17:03:46,226 [INFO] Fetched  44 new items (offset=2760, cumulative=2115)
2025-06-03 17:03:46,753 [INFO] Fetched  55 new items (offset=2820, cumulative=2170)
2025-06-03 17:03:47,298 [INFO] Fetched  39 new items (offset=2880, cumulative=2209)
2025-06-03 17:03:47,839 [INFO] Fetched  60 new items (offset=2940, cumulative=2269)
2025-06-03 17:03:48,403 [INFO] Fetched  56 new items (offset=3000, cumulative=2325)
2025-06-03 17:03:48,938 [INFO] Fetched  34 new items (offset=3060, cumulative=2359)
2025-06-03 17:03:49,459 [INFO] Fetched  53 new items (offset=3120, cumulative=2412)
2025-06-03 17:03:49,998 [INFO] Fetched  23 new items (offset=3180, cumulative=2435)
2025-06-03 17:03:50,611 [INFO] Fetched  60 new items (offset=3240, cumulative=2495)
2025-06-03 17:03:51,136 [INFO] Fetched  60 new items (offset=3300, cumulative=2555)
2025-06-03 17:03:51,965 [INFO] Fetched  30 new items (offset=3360, cumulative=2585)
2025-06-03 17:03:52,513 [INFO] Fetched  14 new items (offset=3420, cumulative=2599)
2025-06-03 17:03:53,074 [INFO] Fetched  39 new items (offset=3480, cumulative=2638)
2025-06-03 17:03:53,615 [INFO] Fetched  33 new items (offset=3540, cumulative=2671)
2025-06-03 17:03:54,168 [INFO] Fetched  31 new items (offset=3600, cumulative=2702)
2025-06-03 17:03:54,724 [INFO] Fetched  31 new items (offset=3660, cumulative=2733)
2025-06-03 17:03:55,896 [INFO] Fetched  43 new items (offset=3720, cumulative=2776)
2025-06-03 17:03:57,074 [INFO] Fetched  56 new items (offset=3780, cumulative=2832)
2025-06-03 17:03:58,249 [INFO] Fetched  39 new items (offset=3840, cumulative=2871)
2025-06-03 17:03:59,418 [INFO] Fetched  47 new items (offset=3900, cumulative=2918)
2025-06-03 17:03:59,954 [INFO] Fetched  34 new items (offset=3960, cumulative=2952)
2025-06-03 17:04:01,128 [INFO] Fetched  40 new items (offset=4020, cumulative=2992)
2025-06-03 17:04:02,417 [INFO] Fetched  41 new items (offset=4080, cumulative=3033)
2025-06-03 17:04:03,590 [INFO] Fetched  59 new items (offset=4140, cumulative=3092)
2025-06-03 17:04:04,127 [INFO] Fetched  42 new items (offset=4200, cumulative=3134)
2025-06-03 17:04:05,839 [INFO] Fetched  45 new items (offset=4260, cumulative=3179)
2025-06-03 17:04:07,134 [INFO] Fetched  52 new items (offset=4320, cumulative=3231)
2025-06-03 17:04:08,330 [INFO] Fetched  54 new items (offset=4380, cumulative=3285)
2025-06-03 17:04:08,921 [INFO] Fetched  36 new items (offset=4440, cumulative=3321)
2025-06-03 17:04:10,095 [INFO] Fetched  43 new items (offset=4500, cumulative=3364)
2025-06-03 17:04:11,536 [INFO] Fetched  31 new items (offset=4560, cumulative=3395)
2025-06-03 17:04:12,790 [INFO] Fetched  56 new items (offset=4620, cumulative=3451)
2025-06-03 17:04:13,582 [INFO] Fetched  43 new items (offset=4680, cumulative=3494)
2025-06-03 17:04:14,762 [INFO] Fetched  32 new items (offset=4740, cumulative=3526)
2025-06-03 17:04:15,306 [INFO] Fetched  25 new items (offset=4800, cumulative=3551)
2025-06-03 17:04:15,845 [INFO] Fetched  35 new items (offset=4860, cumulative=3586)
2025-06-03 17:04:17,047 [INFO] Fetched  51 new items (offset=4920, cumulative=3637)
2025-06-03 17:04:18,359 [INFO] Fetched  33 new items (offset=4980, cumulative=3670)
2025-06-03 17:04:18,909 [INFO] Fetched  47 new items (offset=5040, cumulative=3717)
2025-06-03 17:04:19,442 [INFO] Fetched  39 new items (offset=5100, cumulative=3756)
2025-06-03 17:04:20,161 [INFO] Fetched  60 new items (offset=5160, cumulative=3816)
2025-06-03 17:04:20,755 [INFO] Fetched  51 new items (offset=5220, cumulative=3867)
2025-06-03 17:04:21,327 [INFO] Fetched  60 new items (offset=5280, cumulative=3927)
2025-06-03 17:04:22,506 [INFO] Fetched  51 new items (offset=5340, cumulative=3978)
2025-06-03 17:04:23,270 [INFO] Fetched  44 new items (offset=5400, cumulative=4022)
2025-06-03 17:04:23,809 [INFO] Fetched  37 new items (offset=5460, cumulative=4059)
2025-06-03 17:04:24,369 [INFO] Fetched  43 new items (offset=5520, cumulative=4102)
2025-06-03 17:04:25,718 [INFO] Fetched  44 new items (offset=5580, cumulative=4146)
2025-06-03 17:04:26,266 [INFO] Fetched  41 new items (offset=5640, cumulative=4187)
2025-06-03 17:04:26,907 [INFO] Fetched  22 new items (offset=5700, cumulative=4209)
2025-06-03 17:04:27,477 [INFO] Fetched  41 new items (offset=5760, cumulative=4250)
2025-06-03 17:04:28,188 [INFO] Fetched  21 new items (offset=5820, cumulative=4271)
2025-06-03 17:04:28,762 [INFO] Fetched  49 new items (offset=5880, cumulative=4320)
2025-06-03 17:04:29,302 [INFO] Fetched  60 new items (offset=5940, cumulative=4380)
2025-06-03 17:04:29,858 [INFO] Fetched  60 new items (offset=6000, cumulative=4440)
2025-06-03 17:04:30,406 [INFO] Fetched  51 new items (offset=6060, cumulative=4491)
2025-06-03 17:04:31,615 [INFO] Fetched  55 new items (offset=6120, cumulative=4546)
2025-06-03 17:04:32,170 [INFO] Fetched  53 new items (offset=6180, cumulative=4599)
2025-06-03 17:04:32,732 [INFO] Fetched  46 new items (offset=6240, cumulative=4645)
2025-06-03 17:04:33,270 [INFO] Fetched  32 new items (offset=6300, cumulative=4677)
2025-06-03 17:04:33,837 [INFO] Fetched  60 new items (offset=6360, cumulative=4737)
2025-06-03 17:04:34,546 [INFO] Fetched  60 new items (offset=6420, cumulative=4797)
2025-06-03 17:04:35,264 [INFO] Fetched  55 new items (offset=6480, cumulative=4852)
2025-06-03 17:04:35,812 [INFO] Fetched  42 new items (offset=6540, cumulative=4894)
2025-06-03 17:04:36,418 [INFO] Fetched  52 new items (offset=6600, cumulative=4946)
2025-06-03 17:04:37,263 [INFO] Fetched  47 new items (offset=6660, cumulative=4993)
2025-06-03 17:04:38,041 [INFO] Fetched  57 new items (offset=6720, cumulative=5050)
2025-06-03 17:04:38,970 [INFO] Fetched  48 new items (offset=6780, cumulative=5098)
2025-06-03 17:04:39,681 [INFO] Fetched  56 new items (offset=6840, cumulative=5154)
2025-06-03 17:04:40,221 [INFO] Fetched  15 new items (offset=6900, cumulative=5169)
2025-06-03 17:04:41,052 [INFO] Fetched  54 new items (offset=6960, cumulative=5223)
2025-06-03 17:04:41,859 [INFO] Fetched  10 new items (offset=7020, cumulative=5233)
2025-06-03 17:04:42,393 [INFO] Fetched   7 new items (offset=7080, cumulative=5240)
2025-06-03 17:04:43,162 [INFO] Fetched  31 new items (offset=7140, cumulative=5271)
2025-06-03 17:04:43,699 [INFO] Fetched  60 new items (offset=7200, cumulative=5331)
2025-06-03 17:04:44,464 [INFO] Fetched  60 new items (offset=7260, cumulative=5391)
2025-06-03 17:04:45,018 [INFO] Fetched  60 new items (offset=7320, cumulative=5451)
2025-06-03 17:04:45,571 [INFO] Fetched  60 new items (offset=7380, cumulative=5511)
2025-06-03 17:04:46,345 [INFO] Fetched  49 new items (offset=7440, cumulative=5560)
2025-06-03 17:04:46,887 [INFO] Fetched   9 new items (offset=7500, cumulative=5569)
2025-06-03 17:04:47,422 [INFO] Fetched  60 new items (offset=7560, cumulative=5629)
2025-06-03 17:04:47,962 [INFO] Fetched  55 new items (offset=7620, cumulative=5684)
2025-06-03 17:04:48,726 [INFO] Fetched  36 new items (offset=7680, cumulative=5720)
2025-06-03 17:04:49,324 [INFO] Fetched  58 new items (offset=7740, cumulative=5778)
2025-06-03 17:04:49,863 [INFO] Fetched  56 new items (offset=7800, cumulative=5834)
2025-06-03 17:04:50,411 [INFO] Fetched  60 new items (offset=7860, cumulative=5894)
2025-06-03 17:04:51,203 [INFO] Fetched  50 new items (offset=7920, cumulative=5944)
2025-06-03 17:04:51,742 [INFO] Fetched  51 new items (offset=7980, cumulative=5995)
2025-06-03 17:04:52,336 [INFO] Fetched  23 new items (offset=8040, cumulative=6018)
2025-06-03 17:04:52,916 [INFO] Fetched  21 new items (offset=8100, cumulative=6039)
2025-06-03 17:04:53,454 [INFO] Fetched  16 new items (offset=8160, cumulative=6055)
2025-06-03 17:04:54,020 [INFO] Fetched  53 new items (offset=8220, cumulative=6108)
2025-06-03 17:04:54,820 [INFO] Fetched  47 new items (offset=8280, cumulative=6155)
2025-06-03 17:04:56,074 [INFO] Fetched  29 new items (offset=8340, cumulative=6184)
2025-06-03 17:04:56,639 [INFO] Fetched  39 new items (offset=8400, cumulative=6223)
2025-06-03 17:04:57,217 [INFO] Fetched  49 new items (offset=8460, cumulative=6272)
2025-06-03 17:04:58,742 [INFO] Fetched  38 new items (offset=8520, cumulative=6310)
2025-06-03 17:04:59,308 [INFO] Fetched  43 new items (offset=8580, cumulative=6353)
2025-06-03 17:04:59,890 [INFO] Fetched  55 new items (offset=8640, cumulative=6408)
2025-06-03 17:05:00,883 [INFO] Fetched  32 new items (offset=8700, cumulative=6440)
2025-06-03 17:05:02,079 [INFO] Fetched  60 new items (offset=8760, cumulative=6500)
2025-06-03 17:05:03,422 [INFO] Fetched  60 new items (offset=8820, cumulative=6560)
2025-06-03 17:05:04,654 [INFO] Fetched  57 new items (offset=8880, cumulative=6617)
2025-06-03 17:05:05,380 [INFO] Fetched  48 new items (offset=8940, cumulative=6665)
2025-06-03 17:05:06,586 [INFO] Fetched  60 new items (offset=9000, cumulative=6725)
2025-06-03 17:05:07,882 [INFO] Fetched  43 new items (offset=9060, cumulative=6768)
2025-06-03 17:05:08,501 [INFO] Fetched  60 new items (offset=9120, cumulative=6828)
2025-06-03 17:05:09,086 [INFO] Fetched  27 new items (offset=9180, cumulative=6855)
2025-06-03 17:05:10,484 [INFO] Fetched  26 new items (offset=9240, cumulative=6881)
2025-06-03 17:05:11,774 [INFO] Fetched  37 new items (offset=9300, cumulative=6918)
2025-06-03 17:05:12,405 [INFO] Fetched  60 new items (offset=9360, cumulative=6978)
2025-06-03 17:05:13,720 [INFO] Fetched  60 new items (offset=9420, cumulative=7038)
2025-06-03 17:05:14,949 [INFO] Fetched  60 new items (offset=9480, cumulative=7098)
2025-06-03 17:05:15,520 [INFO] Fetched  46 new items (offset=9540, cumulative=7144)
2025-06-03 17:05:16,749 [INFO] Fetched  37 new items (offset=9600, cumulative=7181)
2025-06-03 17:05:17,318 [INFO] Fetched  29 new items (offset=9660, cumulative=7210)
2025-06-03 17:05:18,553 [INFO] Fetched  60 new items (offset=9720, cumulative=7270)
2025-06-03 17:05:19,163 [INFO] Fetched  40 new items (offset=9780, cumulative=7310)
2025-06-03 17:05:19,827 [INFO] Fetched  60 new items (offset=9840, cumulative=7370)
2025-06-03 17:05:21,178 [INFO] Fetched  34 new items (offset=9900, cumulative=7404)
2025-06-03 17:05:21,788 [INFO] Fetched  60 new items (offset=9960, cumulative=7464)
2025-06-03 17:05:22,449 [INFO] Fetched  60 new items (offset=9999, cumulative=7524)
2025-06-03 17:05:23,675 [WARNING] No new items at offset 9999 (batch 1)
2025-06-03 17:05:23,675 [INFO] Fetched   0 new items (offset=9999, cumulative=7524)
2025-06-03 17:05:24,438 [WARNING] No new items at offset 9999 (batch 2)
2025-06-03 17:05:24,438 [INFO] Fetched   0 new items (offset=9999, cumulative=7524)
2025-06-03 17:05:25,000 [WARNING] No new items at offset 9999 (batch 3)
2025-06-03 17:05:25,000 [INFO] Fetched   0 new items (offset=9999, cumulative=7524)
2025-06-03 17:05:25,721 [WARNING] No new items at offset 9999 (batch 4)
2025-06-03 17:05:25,721 [INFO] Fetched   0 new items (offset=9999, cumulative=7524)
2025-06-03 17:05:26,315 [WARNING] No new items at offset 9999 (batch 5)
2025-06-03 17:05:26,315 [INFO] Fetched   0 new items (offset=9999, cumulative=7524)
2025-06-03 17:05:26,948 [WARNING] No new items at offset 9999 (batch 6)
2025-06-03 17:05:26,948 [INFO] Fetched   0 new items (offset=9999, cumulative=7524)
2025-06-03 17:05:27,510 [WARNING] No new items at offset 9999 (batch 7)
2025-06-03 17:05:27,510 [INFO] Fetched   0 new items (offset=9999, cumulative=7524)
2025-06-03 17:05:28,889 [WARNING] No new items at offset 9999 (batch 8)
2025-06-03 17:05:28,889 [INFO] Fetched   0 new items (offset=9999, cumulative=7524)
2025-06-03 17:05:29,503 [WARNING] No new items at offset 9999 (batch 9)
2025-06-03 17:05:29,503 [INFO] Fetched   0 new items (offset=9999, cumulative=7524)
2025-06-03 17:05:30,846 [INFO] Fetched  20 new items (offset=9999, cumulative=7544)
2025-06-03 17:05:31,420 [WARNING] No new items at offset 9999 (batch 1)
2025-06-03 17:05:31,420 [INFO] Fetched   0 new items (offset=9999, cumulative=7544)
2025-06-03 17:05:32,042 [WARNING] No new items at offset 9999 (batch 2)
2025-06-03 17:05:32,043 [INFO] Fetched   0 new items (offset=9999, cumulative=7544)
2025-06-03 17:05:32,758 [WARNING] No new items at offset 9999 (batch 3)
2025-06-03 17:05:32,758 [INFO] Fetched   0 new items (offset=9999, cumulative=7544)
2025-06-03 17:05:33,365 [WARNING] No new items at offset 9999 (batch 4)
2025-06-03 17:05:33,365 [INFO] Fetched   0 new items (offset=9999, cumulative=7544)
2025-06-03 17:05:33,961 [WARNING] No new items at offset 9999 (batch 5)
2025-06-03 17:05:33,961 [INFO] Fetched   0 new items (offset=9999, cumulative=7544)
2025-06-03 17:05:34,548 [WARNING] No new items at offset 9999 (batch 6)
2025-06-03 17:05:34,548 [INFO] Fetched   0 new items (offset=9999, cumulative=7544)
2025-06-03 17:05:35,246 [WARNING] No new items at offset 9999 (batch 7)
2025-06-03 17:05:35,246 [INFO] Fetched   0 new items (offset=9999, cumulative=7544)
2025-06-03 17:05:35,831 [WARNING] No new items at offset 9999 (batch 8)
2025-06-03 17:05:35,831 [INFO] Fetched   0 new items (offset=9999, cumulative=7544)
2025-06-03 17:05:37,142 [WARNING] No new items at offset 9999 (batch 9)
2025-06-03 17:05:37,143 [INFO] Fetched   0 new items (offset=9999, cumulative=7544)
2025-06-03 17:05:37,750 [WARNING] No new items at offset 9999 (batch 10)
2025-06-03 17:05:37,750 [WARNING] Exiting after 10 consecutive empty batches
2025-06-03 17:05:37,752 [INFO] Total unique skus: 7544
2025-06-03 17:09:50,060 [ERROR] Error executing async page_action: Expected store address to contain '20005', but doesn't
2025-06-03 17:09:50,086 [INFO] Fetched (200) <GET https://www.wholefoodsmarket.com/> (referer: https://www.google.com/search?q=wholefoodsmarket)
2025-06-03 17:10:38,473 [INFO] Fetched (200) <GET https://www.wholefoodsmarket.com/> (referer: https://www.google.com/search?q=wholefoodsmarket)
2025-06-03 17:10:40,808 [INFO] API reports 14850 total SKUs
2025-06-03 17:10:40,808 [INFO] Fetched  60 new items (offset=0, cumulative=60)
2025-06-03 17:10:42,141 [INFO] Fetched  60 new items (offset=60, cumulative=120)
2025-06-03 17:10:42,890 [INFO] Fetched  59 new items (offset=120, cumulative=179)
2025-06-03 17:10:43,782 [INFO] Fetched  57 new items (offset=180, cumulative=236)
2025-06-03 17:10:44,432 [INFO] Fetched  51 new items (offset=240, cumulative=287)
2025-06-03 17:10:44,980 [INFO] Fetched  60 new items (offset=300, cumulative=347)
2025-06-03 17:10:46,166 [INFO] Fetched  46 new items (offset=360, cumulative=393)
2025-06-03 17:10:46,717 [INFO] Fetched  53 new items (offset=420, cumulative=446)
2025-06-03 17:10:47,895 [INFO] Fetched  35 new items (offset=480, cumulative=481)
2025-06-03 17:10:48,457 [INFO] Fetched  58 new items (offset=540, cumulative=539)
2025-06-03 17:10:49,886 [INFO] Fetched  47 new items (offset=600, cumulative=586)
2025-06-03 17:10:50,529 [INFO] Fetched  60 new items (offset=660, cumulative=646)
2025-06-03 17:10:51,080 [INFO] Fetched  33 new items (offset=720, cumulative=679)
2025-06-03 17:10:52,376 [INFO] Fetched  45 new items (offset=780, cumulative=724)
2025-06-03 17:10:53,673 [INFO] Fetched  53 new items (offset=840, cumulative=777)
2025-06-03 17:10:55,092 [INFO] Fetched  36 new items (offset=900, cumulative=813)
2025-06-03 17:10:56,465 [INFO] Fetched  21 new items (offset=960, cumulative=834)
2025-06-03 17:10:57,830 [INFO] Fetched  58 new items (offset=1020, cumulative=892)
2025-06-03 17:10:59,034 [INFO] Fetched  36 new items (offset=1080, cumulative=928)
2025-06-03 17:11:00,320 [INFO] Fetched  20 new items (offset=1140, cumulative=948)
2025-06-03 17:11:01,517 [INFO] Fetched  57 new items (offset=1200, cumulative=1005)
2025-06-03 17:11:02,796 [INFO] Fetched  60 new items (offset=1260, cumulative=1065)
2025-06-03 17:11:03,338 [INFO] Fetched  60 new items (offset=1320, cumulative=1125)
2025-06-03 17:11:04,513 [INFO] Fetched  48 new items (offset=1380, cumulative=1173)
2025-06-03 17:11:05,793 [INFO] Fetched  45 new items (offset=1440, cumulative=1218)
2025-06-03 17:11:07,386 [INFO] Fetched  38 new items (offset=1500, cumulative=1256)
2025-06-03 17:11:08,659 [INFO] Fetched  55 new items (offset=1560, cumulative=1311)
2025-06-03 17:11:09,226 [INFO] Fetched  20 new items (offset=1620, cumulative=1331)
2025-06-03 17:11:09,774 [INFO] Fetched  57 new items (offset=1680, cumulative=1388)
2025-06-03 17:11:10,964 [INFO] Fetched  52 new items (offset=1740, cumulative=1440)
2025-06-03 17:11:12,137 [INFO] Fetched  40 new items (offset=1800, cumulative=1480)
2025-06-03 17:11:13,431 [INFO] Fetched  39 new items (offset=1860, cumulative=1519)
2025-06-03 17:11:14,618 [INFO] Fetched  31 new items (offset=1920, cumulative=1550)
2025-06-03 17:11:15,818 [INFO] Fetched  50 new items (offset=1980, cumulative=1600)
2025-06-03 17:11:17,054 [INFO] Fetched  40 new items (offset=2040, cumulative=1640)
2025-06-03 17:11:17,785 [INFO] Fetched  31 new items (offset=2100, cumulative=1671)
2025-06-03 17:11:18,967 [INFO] Fetched  13 new items (offset=2160, cumulative=1684)
2025-06-03 17:11:20,286 [INFO] Fetched  60 new items (offset=2220, cumulative=1744)
2025-06-03 17:11:21,475 [INFO] Fetched  60 new items (offset=2280, cumulative=1804)
2025-06-03 17:11:22,999 [INFO] Fetched  33 new items (offset=2340, cumulative=1837)
2025-06-03 17:11:24,417 [INFO] Fetched  52 new items (offset=2400, cumulative=1889)
2025-06-03 17:11:25,724 [INFO] Fetched  57 new items (offset=2460, cumulative=1946)
2025-06-03 17:11:26,928 [INFO] Fetched  40 new items (offset=2520, cumulative=1986)
2025-06-03 17:11:28,234 [INFO] Fetched  37 new items (offset=2580, cumulative=2023)
2025-06-03 17:11:29,517 [INFO] Fetched  16 new items (offset=2640, cumulative=2039)
2025-06-03 17:11:30,306 [INFO] Fetched  57 new items (offset=2700, cumulative=2096)
2025-06-03 17:11:30,887 [INFO] Fetched  44 new items (offset=2760, cumulative=2140)
2025-06-03 17:11:31,519 [INFO] Fetched  38 new items (offset=2820, cumulative=2178)
2025-06-03 17:11:32,706 [INFO] Fetched  55 new items (offset=2880, cumulative=2233)
2025-06-03 17:11:33,263 [INFO] Fetched  60 new items (offset=2940, cumulative=2293)
2025-06-03 17:11:33,808 [INFO] Fetched  45 new items (offset=3000, cumulative=2338)
2025-06-03 17:11:34,990 [INFO] Fetched  38 new items (offset=3060, cumulative=2376)
2025-06-03 17:11:35,543 [INFO] Fetched  16 new items (offset=3120, cumulative=2392)
2025-06-03 17:11:36,089 [INFO] Fetched  49 new items (offset=3180, cumulative=2441)
2025-06-03 17:11:37,328 [INFO] Fetched  42 new items (offset=3240, cumulative=2483)
2025-06-03 17:11:37,910 [INFO] Fetched  57 new items (offset=3300, cumulative=2540)
2025-06-03 17:11:38,454 [INFO] Fetched  60 new items (offset=3360, cumulative=2600)
2025-06-03 17:11:39,065 [INFO] Fetched  60 new items (offset=3420, cumulative=2660)
2025-06-03 17:11:39,688 [INFO] Fetched  36 new items (offset=3480, cumulative=2696)
2025-06-03 17:11:40,304 [INFO] Fetched  30 new items (offset=3540, cumulative=2726)
2025-06-03 17:11:41,689 [INFO] Fetched  20 new items (offset=3600, cumulative=2746)
2025-06-03 17:11:42,355 [INFO] Fetched  22 new items (offset=3660, cumulative=2768)
2025-06-03 17:11:42,939 [INFO] Fetched  45 new items (offset=3720, cumulative=2813)
2025-06-03 17:11:43,526 [INFO] Fetched  50 new items (offset=3780, cumulative=2863)
2025-06-03 17:11:44,502 [INFO] Fetched  57 new items (offset=3840, cumulative=2920)
2025-06-03 17:11:45,115 [INFO] Fetched  51 new items (offset=3900, cumulative=2971)
2025-06-03 17:11:45,958 [INFO] Fetched  35 new items (offset=3960, cumulative=3006)
2025-06-03 17:11:47,389 [INFO] Fetched  52 new items (offset=4020, cumulative=3058)
2025-06-03 17:11:48,705 [INFO] Fetched  34 new items (offset=4080, cumulative=3092)
2025-06-03 17:11:49,375 [INFO] Fetched  55 new items (offset=4140, cumulative=3147)
2025-06-03 17:11:49,963 [INFO] Fetched  52 new items (offset=4200, cumulative=3199)
2025-06-03 17:11:50,606 [INFO] Fetched  56 new items (offset=4260, cumulative=3255)
2025-06-03 17:11:51,820 [INFO] Fetched  48 new items (offset=4320, cumulative=3303)
2025-06-03 17:11:53,096 [INFO] Fetched  54 new items (offset=4380, cumulative=3357)
2025-06-03 17:11:54,305 [INFO] Fetched  37 new items (offset=4440, cumulative=3394)
2025-06-03 17:11:54,885 [INFO] Fetched  43 new items (offset=4500, cumulative=3437)
2025-06-03 17:11:55,490 [INFO] Fetched  37 new items (offset=4560, cumulative=3474)
2025-06-03 17:11:56,083 [INFO] Fetched  53 new items (offset=4620, cumulative=3527)
2025-06-03 17:11:56,658 [INFO] Fetched  28 new items (offset=4680, cumulative=3555)
2025-06-03 17:11:57,245 [INFO] Fetched  16 new items (offset=4740, cumulative=3571)
2025-06-03 17:11:57,850 [INFO] Fetched  34 new items (offset=4800, cumulative=3605)
2025-06-03 17:11:58,432 [INFO] Fetched  35 new items (offset=4860, cumulative=3640)
2025-06-03 17:11:59,007 [INFO] Fetched  52 new items (offset=4920, cumulative=3692)
2025-06-03 17:11:59,847 [INFO] Fetched  17 new items (offset=4980, cumulative=3709)
2025-06-03 17:12:01,149 [INFO] Fetched  36 new items (offset=5040, cumulative=3745)
2025-06-03 17:12:01,919 [INFO] Fetched  60 new items (offset=5100, cumulative=3805)
2025-06-03 17:12:03,117 [INFO] Fetched  55 new items (offset=5160, cumulative=3860)
2025-06-03 17:12:03,692 [INFO] Fetched  60 new items (offset=5220, cumulative=3920)
2025-06-03 17:12:04,275 [INFO] Fetched  60 new items (offset=5280, cumulative=3980)
2025-06-03 17:12:04,847 [INFO] Fetched  60 new items (offset=5340, cumulative=4040)
2025-06-03 17:12:05,688 [INFO] Fetched  60 new items (offset=5400, cumulative=4100)
2025-06-03 17:12:06,264 [INFO] Fetched  41 new items (offset=5460, cumulative=4141)
2025-06-03 17:12:06,927 [INFO] Fetched  32 new items (offset=5520, cumulative=4173)
2025-06-03 17:12:07,497 [INFO] Fetched  35 new items (offset=5580, cumulative=4208)
2025-06-03 17:12:08,105 [INFO] Fetched  51 new items (offset=5640, cumulative=4259)
2025-06-03 17:12:08,800 [INFO] Fetched  56 new items (offset=5700, cumulative=4315)
2025-06-03 17:12:09,379 [INFO] Fetched  16 new items (offset=5760, cumulative=4331)
2025-06-03 17:12:09,970 [INFO] Fetched   9 new items (offset=5820, cumulative=4340)
2025-06-03 17:12:10,541 [INFO] Fetched  60 new items (offset=5880, cumulative=4400)
2025-06-03 17:12:11,764 [INFO] Fetched  60 new items (offset=5940, cumulative=4460)
2025-06-03 17:12:13,116 [INFO] Fetched  60 new items (offset=6000, cumulative=4520)
2025-06-03 17:12:14,426 [INFO] Fetched  51 new items (offset=6060, cumulative=4571)
2025-06-03 17:12:15,045 [INFO] Fetched  60 new items (offset=6120, cumulative=4631)
2025-06-03 17:12:16,240 [INFO] Fetched  46 new items (offset=6180, cumulative=4677)
2025-06-03 17:12:18,081 [INFO] Fetched  60 new items (offset=6240, cumulative=4737)
2025-06-03 17:12:19,429 [INFO] Fetched  60 new items (offset=6300, cumulative=4797)
2025-06-03 17:12:20,646 [INFO] Fetched  35 new items (offset=6360, cumulative=4832)
2025-06-03 17:12:22,177 [INFO] Fetched  40 new items (offset=6420, cumulative=4872)
2025-06-03 17:12:22,740 [INFO] Fetched  33 new items (offset=6480, cumulative=4905)
2025-06-03 17:12:24,174 [INFO] Fetched  39 new items (offset=6540, cumulative=4944)
2025-06-03 17:12:24,786 [INFO] Fetched  26 new items (offset=6600, cumulative=4970)
2025-06-03 17:12:25,504 [INFO] Fetched  41 new items (offset=6660, cumulative=5011)
2025-06-03 17:12:26,714 [INFO] Fetched  10 new items (offset=6720, cumulative=5021)
2025-06-03 17:12:28,011 [INFO] Fetched  23 new items (offset=6780, cumulative=5044)
2025-06-03 17:12:28,577 [INFO] Fetched  60 new items (offset=6840, cumulative=5104)
2025-06-03 17:12:30,110 [INFO] Fetched  57 new items (offset=6900, cumulative=5161)
2025-06-03 17:12:31,335 [INFO] Fetched  34 new items (offset=6960, cumulative=5195)
2025-06-03 17:12:32,643 [INFO] Fetched  14 new items (offset=7020, cumulative=5209)
2025-06-03 17:12:33,386 [INFO] Fetched  33 new items (offset=7080, cumulative=5242)
2025-06-03 17:12:34,588 [INFO] Fetched  60 new items (offset=7140, cumulative=5302)
2025-06-03 17:12:35,903 [INFO] Fetched  33 new items (offset=7200, cumulative=5335)
2025-06-03 17:12:36,486 [INFO] Fetched  38 new items (offset=7260, cumulative=5373)
2025-06-03 17:12:38,058 [INFO] Fetched  31 new items (offset=7320, cumulative=5404)
2025-06-03 17:12:39,269 [INFO] Fetched  32 new items (offset=7380, cumulative=5436)
2025-06-03 17:12:39,870 [INFO] Fetched  58 new items (offset=7440, cumulative=5494)
2025-06-03 17:12:40,465 [INFO] Fetched  35 new items (offset=7500, cumulative=5529)
2025-06-03 17:12:41,840 [INFO] Fetched  43 new items (offset=7560, cumulative=5572)
2025-06-03 17:12:43,088 [INFO] Fetched  52 new items (offset=7620, cumulative=5624)
2025-06-03 17:12:44,367 [INFO] Fetched  60 new items (offset=7680, cumulative=5684)
2025-06-03 17:12:44,936 [INFO] Fetched  43 new items (offset=7740, cumulative=5727)
2025-06-03 17:12:46,239 [INFO] Fetched  44 new items (offset=7800, cumulative=5771)
2025-06-03 17:12:46,834 [INFO] Fetched  45 new items (offset=7860, cumulative=5816)
2025-06-03 17:12:48,730 [INFO] Fetched  37 new items (offset=7920, cumulative=5853)
2025-06-03 17:12:49,323 [INFO] Fetched  34 new items (offset=7980, cumulative=5887)
2025-06-03 17:12:49,935 [INFO] Fetched  59 new items (offset=8040, cumulative=5946)
2025-06-03 17:12:51,147 [INFO] Fetched  43 new items (offset=8100, cumulative=5989)
2025-06-03 17:12:51,916 [INFO] Fetched  33 new items (offset=8160, cumulative=6022)
2025-06-03 17:12:52,549 [INFO] Fetched  55 new items (offset=8220, cumulative=6077)
2025-06-03 17:12:53,159 [INFO] Fetched  53 new items (offset=8280, cumulative=6130)
2025-06-03 17:12:53,905 [INFO] Fetched  56 new items (offset=8340, cumulative=6186)
2025-06-03 17:12:54,520 [INFO] Fetched  24 new items (offset=8400, cumulative=6210)
2025-06-03 17:12:55,985 [INFO] Fetched  36 new items (offset=8460, cumulative=6246)
2025-06-03 17:12:56,571 [INFO] Fetched  59 new items (offset=8520, cumulative=6305)
2025-06-03 17:12:57,601 [INFO] Fetched  43 new items (offset=8580, cumulative=6348)
2025-06-03 17:12:58,548 [INFO] Fetched  46 new items (offset=8640, cumulative=6394)
2025-06-03 17:12:59,179 [INFO] Fetched  60 new items (offset=8700, cumulative=6454)
2025-06-03 17:12:59,739 [INFO] Fetched  60 new items (offset=8760, cumulative=6514)
2025-06-03 17:13:01,148 [INFO] Fetched  60 new items (offset=8820, cumulative=6574)
2025-06-03 17:13:01,778 [INFO] Fetched  60 new items (offset=8880, cumulative=6634)
2025-06-03 17:13:02,406 [INFO] Fetched  37 new items (offset=8940, cumulative=6671)
2025-06-03 17:13:03,019 [INFO] Fetched  60 new items (offset=9000, cumulative=6731)
2025-06-03 17:13:03,799 [INFO] Fetched  46 new items (offset=9060, cumulative=6777)
2025-06-03 17:13:04,372 [INFO] Fetched  47 new items (offset=9120, cumulative=6824)
2025-06-03 17:13:04,973 [INFO] Fetched  60 new items (offset=9180, cumulative=6884)
2025-06-03 17:13:05,586 [INFO] Fetched  44 new items (offset=9240, cumulative=6928)
2025-06-03 17:13:06,460 [INFO] Fetched  60 new items (offset=9300, cumulative=6988)
2025-06-03 17:13:07,059 [INFO] Fetched  60 new items (offset=9360, cumulative=7048)
2025-06-03 17:13:07,635 [INFO] Fetched  60 new items (offset=9420, cumulative=7108)
2025-06-03 17:13:08,230 [INFO] Fetched  57 new items (offset=9480, cumulative=7165)
2025-06-03 17:13:08,823 [INFO] Fetched  60 new items (offset=9540, cumulative=7225)
2025-06-03 17:13:09,411 [INFO] Fetched  52 new items (offset=9600, cumulative=7277)
2025-06-03 17:13:10,003 [INFO] Fetched  51 new items (offset=9660, cumulative=7328)
2025-06-03 17:13:10,578 [INFO] Fetched  60 new items (offset=9720, cumulative=7388)
2025-06-03 17:13:11,174 [INFO] Fetched  60 new items (offset=9780, cumulative=7448)
2025-06-03 17:13:11,752 [INFO] Fetched  60 new items (offset=9840, cumulative=7508)
2025-06-03 17:13:12,404 [INFO] Fetched  60 new items (offset=9900, cumulative=7568)
2025-06-03 17:13:13,615 [INFO] Fetched  23 new items (offset=9960, cumulative=7591)
2025-06-03 17:13:14,259 [INFO] Fetched  60 new items (offset=9999, cumulative=7651)
2025-06-03 17:13:14,837 [WARNING] No new items at offset 9999 (batch 1)
2025-06-03 17:13:14,838 [INFO] Fetched   0 new items (offset=9999, cumulative=7651)
2025-06-03 17:13:15,582 [INFO] Fetched  50 new items (offset=9999, cumulative=7701)
2025-06-03 17:13:16,456 [WARNING] No new items at offset 9999 (batch 1)
2025-06-03 17:13:16,457 [INFO] Fetched   0 new items (offset=9999, cumulative=7701)
2025-06-03 17:13:17,667 [WARNING] No new items at offset 9999 (batch 2)
2025-06-03 17:13:17,667 [INFO] Fetched   0 new items (offset=9999, cumulative=7701)
2025-06-03 17:13:18,636 [WARNING] No new items at offset 9999 (batch 3)
2025-06-03 17:13:18,636 [INFO] Fetched   0 new items (offset=9999, cumulative=7701)
2025-06-03 17:13:19,379 [WARNING] No new items at offset 9999 (batch 4)
2025-06-03 17:13:19,380 [INFO] Fetched   0 new items (offset=9999, cumulative=7701)
2025-06-03 17:13:19,965 [WARNING] No new items at offset 9999 (batch 5)
2025-06-03 17:13:19,966 [INFO] Fetched   0 new items (offset=9999, cumulative=7701)
2025-06-03 17:13:20,780 [WARNING] No new items at offset 9999 (batch 6)
2025-06-03 17:13:20,780 [INFO] Fetched   0 new items (offset=9999, cumulative=7701)
2025-06-03 17:13:21,367 [WARNING] No new items at offset 9999 (batch 7)
2025-06-03 17:13:21,368 [INFO] Fetched   0 new items (offset=9999, cumulative=7701)
2025-06-03 17:13:21,974 [WARNING] No new items at offset 9999 (batch 8)
2025-06-03 17:13:21,974 [INFO] Fetched   0 new items (offset=9999, cumulative=7701)
2025-06-03 17:13:22,542 [WARNING] No new items at offset 9999 (batch 9)
2025-06-03 17:13:22,542 [INFO] Fetched   0 new items (offset=9999, cumulative=7701)
2025-06-03 17:13:23,366 [WARNING] No new items at offset 9999 (batch 10)
2025-06-03 17:13:23,366 [WARNING] Exiting after 10 consecutive empty batches
2025-06-03 17:13:23,366 [INFO] Total unique skus: 7701
2025-06-04 09:54:10,624 [INFO] Fetched (200) <GET https://www.wholefoodsmarket.com/> (referer: https://www.google.com/search?q=wholefoodsmarket)
2025-06-04 09:54:11,354 [INFO] API reports 14929 total SKUs
2025-06-04 09:54:11,354 [INFO] Fetched  60 new items (offset=0, cumulative=60)
2025-06-04 09:54:11,524 [INFO] Fetched  56 new items (offset=60, cumulative=116)
2025-06-04 09:54:11,665 [INFO] Fetched  57 new items (offset=120, cumulative=173)
2025-06-04 09:54:11,805 [INFO] Fetched  60 new items (offset=180, cumulative=233)
2025-06-04 09:54:11,945 [INFO] Fetched  51 new items (offset=240, cumulative=284)
2025-06-04 09:54:12,102 [INFO] Fetched  53 new items (offset=300, cumulative=337)
2025-06-04 09:54:12,243 [INFO] Fetched  46 new items (offset=360, cumulative=383)
2025-06-04 09:54:12,384 [INFO] Fetched  46 new items (offset=420, cumulative=429)
2025-06-04 09:54:12,521 [INFO] Fetched  38 new items (offset=480, cumulative=467)
2025-06-04 09:54:12,689 [INFO] Fetched  46 new items (offset=540, cumulative=513)
2025-06-04 09:54:12,848 [INFO] Fetched  51 new items (offset=600, cumulative=564)
2025-06-04 09:54:13,027 [INFO] Fetched  50 new items (offset=660, cumulative=614)
2025-06-04 09:54:13,169 [INFO] Fetched  15 new items (offset=720, cumulative=629)
2025-06-04 09:54:13,323 [INFO] Fetched  60 new items (offset=780, cumulative=689)
2025-06-04 09:54:13,472 [INFO] Fetched  54 new items (offset=840, cumulative=743)
2025-06-04 09:54:13,611 [INFO] Fetched  53 new items (offset=900, cumulative=796)
2025-06-04 09:54:13,843 [INFO] Fetched  41 new items (offset=960, cumulative=837)
2025-06-04 09:54:13,980 [INFO] Fetched  44 new items (offset=1020, cumulative=881)
2025-06-04 09:54:14,122 [INFO] Fetched  48 new items (offset=1080, cumulative=929)
2025-06-04 09:54:14,260 [INFO] Fetched  60 new items (offset=1140, cumulative=989)
2025-06-04 09:54:14,394 [INFO] Fetched  37 new items (offset=1200, cumulative=1026)
2025-06-04 09:54:14,557 [INFO] Fetched  60 new items (offset=1260, cumulative=1086)
2025-06-04 09:54:14,806 [INFO] Fetched  49 new items (offset=1320, cumulative=1135)
2025-06-04 09:54:14,961 [INFO] Fetched  25 new items (offset=1380, cumulative=1160)
2025-06-04 09:54:15,113 [INFO] Fetched  60 new items (offset=1440, cumulative=1220)
2025-06-04 09:54:15,258 [INFO] Fetched  55 new items (offset=1500, cumulative=1275)
2025-06-04 09:54:15,412 [INFO] Fetched  28 new items (offset=1560, cumulative=1303)
2025-06-04 09:54:15,549 [INFO] Fetched  29 new items (offset=1620, cumulative=1332)
2025-06-04 09:54:15,711 [INFO] Fetched  22 new items (offset=1680, cumulative=1354)
2025-06-04 09:54:15,860 [INFO] Fetched  60 new items (offset=1740, cumulative=1414)
2025-06-04 09:54:16,106 [INFO] Fetched  18 new items (offset=1800, cumulative=1432)
2025-06-04 09:54:16,305 [INFO] Fetched  36 new items (offset=1860, cumulative=1468)
2025-06-04 09:54:16,503 [INFO] Fetched  31 new items (offset=1920, cumulative=1499)
2025-06-04 09:54:16,668 [INFO] Fetched  39 new items (offset=1980, cumulative=1538)
2025-06-04 09:54:16,798 [INFO] Fetched  23 new items (offset=2040, cumulative=1561)
2025-06-04 09:54:16,912 [INFO] Fetched  40 new items (offset=2100, cumulative=1601)
2025-06-04 09:54:17,068 [INFO] Fetched  26 new items (offset=2160, cumulative=1627)
2025-06-04 09:54:17,207 [INFO] Fetched  51 new items (offset=2220, cumulative=1678)
2025-06-04 09:54:17,341 [INFO] Fetched  60 new items (offset=2280, cumulative=1738)
2025-06-04 09:54:17,488 [INFO] Fetched  60 new items (offset=2340, cumulative=1798)
2025-06-04 09:54:17,625 [INFO] Fetched  39 new items (offset=2400, cumulative=1837)
2025-06-04 09:54:17,779 [INFO] Fetched  35 new items (offset=2460, cumulative=1872)
2025-06-04 09:54:17,921 [INFO] Fetched  27 new items (offset=2520, cumulative=1899)
2025-06-04 09:54:18,088 [INFO] Fetched  48 new items (offset=2580, cumulative=1947)
2025-06-04 09:54:18,223 [INFO] Fetched  42 new items (offset=2640, cumulative=1989)
2025-06-04 09:54:18,458 [INFO] Fetched  60 new items (offset=2700, cumulative=2049)
2025-06-04 09:54:18,593 [INFO] Fetched  60 new items (offset=2760, cumulative=2109)
2025-06-04 09:54:18,733 [INFO] Fetched  51 new items (offset=2820, cumulative=2160)
2025-06-04 09:54:18,875 [INFO] Fetched  60 new items (offset=2880, cumulative=2220)
2025-06-04 09:54:19,011 [INFO] Fetched  14 new items (offset=2940, cumulative=2234)
2025-06-04 09:54:19,152 [INFO] Fetched  25 new items (offset=3000, cumulative=2259)
2025-06-04 09:54:19,312 [INFO] Fetched  52 new items (offset=3060, cumulative=2311)
2025-06-04 09:54:19,459 [INFO] Fetched  60 new items (offset=3120, cumulative=2371)
2025-06-04 09:54:19,578 [INFO] Fetched  48 new items (offset=3180, cumulative=2419)
2025-06-04 09:54:19,712 [INFO] Fetched  56 new items (offset=3240, cumulative=2475)
2025-06-04 09:54:19,851 [INFO] Fetched  36 new items (offset=3300, cumulative=2511)
2025-06-04 09:54:20,003 [INFO] Fetched  35 new items (offset=3360, cumulative=2546)
2025-06-04 09:54:20,152 [INFO] Fetched  24 new items (offset=3420, cumulative=2570)
2025-06-04 09:54:20,281 [INFO] Fetched  54 new items (offset=3480, cumulative=2624)
2025-06-04 09:54:20,424 [INFO] Fetched  19 new items (offset=3540, cumulative=2643)
2025-06-04 09:54:20,568 [INFO] Fetched  23 new items (offset=3600, cumulative=2666)
2025-06-04 09:54:20,703 [INFO] Fetched  46 new items (offset=3660, cumulative=2712)
2025-06-04 09:54:20,840 [INFO] Fetched  60 new items (offset=3720, cumulative=2772)
2025-06-04 09:54:20,983 [INFO] Fetched  46 new items (offset=3780, cumulative=2818)
2025-06-04 09:54:21,130 [INFO] Fetched   5 new items (offset=3840, cumulative=2823)
2025-06-04 09:54:21,280 [INFO] Fetched  55 new items (offset=3900, cumulative=2878)
2025-06-04 09:54:21,456 [INFO] Fetched  57 new items (offset=3960, cumulative=2935)
2025-06-04 09:54:21,597 [INFO] Fetched  40 new items (offset=4020, cumulative=2975)
2025-06-04 09:54:21,787 [INFO] Fetched  45 new items (offset=4080, cumulative=3020)
2025-06-04 09:54:21,995 [INFO] Fetched  60 new items (offset=4140, cumulative=3080)
2025-06-04 09:54:22,180 [INFO] Fetched  38 new items (offset=4200, cumulative=3118)
2025-06-04 09:54:22,330 [INFO] Fetched  53 new items (offset=4260, cumulative=3171)
2025-06-04 09:54:22,484 [INFO] Fetched  48 new items (offset=4320, cumulative=3219)
2025-06-04 09:54:22,638 [INFO] Fetched  60 new items (offset=4380, cumulative=3279)
2025-06-04 09:54:22,780 [INFO] Fetched  35 new items (offset=4440, cumulative=3314)
2025-06-04 09:54:22,928 [INFO] Fetched  41 new items (offset=4500, cumulative=3355)
2025-06-04 09:54:23,086 [INFO] Fetched  38 new items (offset=4560, cumulative=3393)
2025-06-04 09:54:23,228 [INFO] Fetched  28 new items (offset=4620, cumulative=3421)
2025-06-04 09:54:23,368 [INFO] Fetched  35 new items (offset=4680, cumulative=3456)
2025-06-04 09:54:23,713 [INFO] Fetched  47 new items (offset=4740, cumulative=3503)
2025-06-04 09:54:23,854 [INFO] Fetched  14 new items (offset=4800, cumulative=3517)
2025-06-04 09:54:24,130 [INFO] Fetched  54 new items (offset=4860, cumulative=3571)
2025-06-04 09:54:24,326 [INFO] Fetched  33 new items (offset=4920, cumulative=3604)
2025-06-04 09:54:24,505 [INFO] Fetched  53 new items (offset=4980, cumulative=3657)
2025-06-04 09:54:24,667 [INFO] Fetched  36 new items (offset=5040, cumulative=3693)
2025-06-04 09:54:24,814 [INFO] Fetched  60 new items (offset=5100, cumulative=3753)
2025-06-04 09:54:24,951 [INFO] Fetched  60 new items (offset=5160, cumulative=3813)
2025-06-04 09:54:25,129 [INFO] Fetched  60 new items (offset=5220, cumulative=3873)
2025-06-04 09:54:25,337 [INFO] Fetched  60 new items (offset=5280, cumulative=3933)
2025-06-04 09:54:25,496 [INFO] Fetched  58 new items (offset=5340, cumulative=3991)
2025-06-04 09:54:25,631 [INFO] Fetched   2 new items (offset=5400, cumulative=3993)
2025-06-04 09:54:25,836 [INFO] Fetched  19 new items (offset=5460, cumulative=4012)
2025-06-04 09:54:25,979 [INFO] Fetched  51 new items (offset=5520, cumulative=4063)
2025-06-04 09:54:26,116 [INFO] Fetched  60 new items (offset=5580, cumulative=4123)
2025-06-04 09:54:26,253 [INFO] Fetched  59 new items (offset=5640, cumulative=4182)
2025-06-04 09:54:26,411 [INFO] Fetched  43 new items (offset=5700, cumulative=4225)
2025-06-04 09:54:26,551 [INFO] Fetched  31 new items (offset=5760, cumulative=4256)
2025-06-04 09:54:26,685 [INFO] Fetched  60 new items (offset=5820, cumulative=4316)
2025-06-04 09:54:26,825 [INFO] Fetched  50 new items (offset=5880, cumulative=4366)
2025-06-04 09:54:27,158 [INFO] Fetched  44 new items (offset=5940, cumulative=4410)
2025-06-04 09:54:27,346 [INFO] Fetched  52 new items (offset=6000, cumulative=4462)
2025-06-04 09:54:27,554 [INFO] Fetched  52 new items (offset=6060, cumulative=4514)
2025-06-04 09:54:27,719 [INFO] Fetched  32 new items (offset=6120, cumulative=4546)
2025-06-04 09:54:27,904 [INFO] Fetched  60 new items (offset=6180, cumulative=4606)
2025-06-04 09:54:28,042 [INFO] Fetched  53 new items (offset=6240, cumulative=4659)
2025-06-04 09:54:28,167 [INFO] Fetched  31 new items (offset=6300, cumulative=4690)
2025-06-04 09:54:28,285 [INFO] Fetched  42 new items (offset=6360, cumulative=4732)
2025-06-04 09:54:28,432 [INFO] Fetched  51 new items (offset=6420, cumulative=4783)
2025-06-04 09:54:28,577 [INFO] Fetched  20 new items (offset=6480, cumulative=4803)
2025-06-04 09:54:28,715 [INFO] Fetched  38 new items (offset=6540, cumulative=4841)
2025-06-04 09:54:28,858 [INFO] Fetched   4 new items (offset=6600, cumulative=4845)
2025-06-04 09:54:28,997 [INFO] Fetched  31 new items (offset=6660, cumulative=4876)
2025-06-04 09:54:29,135 [INFO] Fetched  45 new items (offset=6720, cumulative=4921)
2025-06-04 09:54:29,295 [INFO] Fetched  30 new items (offset=6780, cumulative=4951)
2025-06-04 09:54:29,433 [INFO] Fetched  46 new items (offset=6840, cumulative=4997)
2025-06-04 09:54:29,575 [INFO] Fetched  59 new items (offset=6900, cumulative=5056)
2025-06-04 09:54:29,731 [INFO] Fetched  49 new items (offset=6960, cumulative=5105)
2025-06-04 09:54:29,868 [INFO] Fetched  43 new items (offset=7020, cumulative=5148)
2025-06-04 09:54:30,056 [INFO] Fetched  48 new items (offset=7080, cumulative=5196)
2025-06-04 09:54:30,247 [INFO] Fetched  51 new items (offset=7140, cumulative=5247)
2025-06-04 09:54:30,432 [INFO] Fetched  46 new items (offset=7200, cumulative=5293)
2025-06-04 09:54:30,617 [INFO] Fetched  39 new items (offset=7260, cumulative=5332)
2025-06-04 09:54:30,757 [INFO] Fetched  52 new items (offset=7320, cumulative=5384)
2025-06-04 09:54:30,917 [INFO] Fetched  31 new items (offset=7380, cumulative=5415)
2025-06-04 09:54:31,066 [INFO] Fetched  48 new items (offset=7440, cumulative=5463)
2025-06-04 09:54:31,218 [INFO] Fetched  50 new items (offset=7500, cumulative=5513)
2025-06-04 09:54:31,361 [INFO] Fetched  60 new items (offset=7560, cumulative=5573)
2025-06-04 09:54:31,495 [INFO] Fetched  41 new items (offset=7620, cumulative=5614)
2025-06-04 09:54:31,648 [INFO] Fetched  47 new items (offset=7680, cumulative=5661)
2025-06-04 09:54:31,797 [INFO] Fetched  58 new items (offset=7740, cumulative=5719)
2025-06-04 09:54:31,943 [INFO] Fetched  31 new items (offset=7800, cumulative=5750)
2025-06-04 09:54:32,091 [INFO] Fetched  27 new items (offset=7860, cumulative=5777)
2025-06-04 09:54:32,207 [INFO] Fetched  39 new items (offset=7920, cumulative=5816)
2025-06-04 09:54:32,338 [INFO] Fetched  48 new items (offset=7980, cumulative=5864)
2025-06-04 09:54:32,461 [INFO] Fetched  22 new items (offset=8040, cumulative=5886)
2025-06-04 09:54:32,601 [INFO] Fetched  17 new items (offset=8100, cumulative=5903)
2025-06-04 09:54:32,827 [INFO] Fetched  54 new items (offset=8160, cumulative=5957)
2025-06-04 09:54:32,967 [INFO] Fetched  51 new items (offset=8220, cumulative=6008)
2025-06-04 09:54:33,101 [INFO] Fetched  60 new items (offset=8280, cumulative=6068)
2025-06-04 09:54:33,259 [INFO] Fetched  42 new items (offset=8340, cumulative=6110)
2025-06-04 09:54:33,393 [INFO] Fetched  50 new items (offset=8400, cumulative=6160)
2025-06-04 09:54:33,542 [INFO] Fetched  59 new items (offset=8460, cumulative=6219)
2025-06-04 09:54:33,679 [INFO] Fetched  27 new items (offset=8520, cumulative=6246)
2025-06-04 09:54:33,826 [INFO] Fetched  60 new items (offset=8580, cumulative=6306)
2025-06-04 09:54:34,015 [INFO] Fetched  60 new items (offset=8640, cumulative=6366)
2025-06-04 09:54:34,155 [INFO] Fetched  60 new items (offset=8700, cumulative=6426)
2025-06-04 09:54:34,295 [INFO] Fetched  60 new items (offset=8760, cumulative=6486)
2025-06-04 09:54:34,452 [INFO] Fetched  60 new items (offset=8820, cumulative=6546)
2025-06-04 09:54:34,617 [INFO] Fetched  60 new items (offset=8880, cumulative=6606)
2025-06-04 09:54:34,806 [INFO] Fetched  33 new items (offset=8940, cumulative=6639)
2025-06-04 09:54:34,981 [INFO] Fetched  60 new items (offset=9000, cumulative=6699)
2025-06-04 09:54:35,279 [INFO] Fetched  45 new items (offset=9060, cumulative=6744)
2025-06-04 09:54:35,442 [INFO] Fetched  60 new items (offset=9120, cumulative=6804)
2025-06-04 09:54:35,585 [INFO] Fetched  60 new items (offset=9180, cumulative=6864)
2025-06-04 09:54:35,736 [INFO] Fetched  60 new items (offset=9240, cumulative=6924)
2025-06-04 09:54:35,877 [INFO] Fetched  60 new items (offset=9300, cumulative=6984)
2025-06-04 09:54:36,035 [INFO] Fetched  24 new items (offset=9360, cumulative=7008)
2025-06-04 09:54:36,173 [INFO] Fetched  60 new items (offset=9420, cumulative=7068)
2025-06-04 09:54:36,333 [INFO] Fetched  33 new items (offset=9480, cumulative=7101)
2025-06-04 09:54:36,535 [INFO] Fetched  30 new items (offset=9540, cumulative=7131)
2025-06-04 09:54:36,673 [INFO] Fetched  60 new items (offset=9600, cumulative=7191)
2025-06-04 09:54:36,828 [INFO] Fetched  60 new items (offset=9660, cumulative=7251)
2025-06-04 09:54:36,984 [INFO] Fetched  47 new items (offset=9720, cumulative=7298)
2025-06-04 09:54:37,126 [INFO] Fetched  44 new items (offset=9780, cumulative=7342)
2025-06-04 09:54:37,279 [INFO] Fetched  60 new items (offset=9840, cumulative=7402)
2025-06-04 09:54:37,416 [INFO] Fetched  35 new items (offset=9900, cumulative=7437)
2025-06-04 09:54:37,538 [INFO] Fetched  35 new items (offset=9960, cumulative=7472)
2025-06-04 09:54:37,672 [WARNING] No new items at offset 9999 (batch 1)
2025-06-04 09:54:37,672 [INFO] Fetched   0 new items (offset=9999, cumulative=7472)
2025-06-04 09:54:37,833 [INFO] Fetched  33 new items (offset=9999, cumulative=7505)
2025-06-04 09:54:37,991 [WARNING] No new items at offset 9999 (batch 1)
2025-06-04 09:54:37,991 [INFO] Fetched   0 new items (offset=9999, cumulative=7505)
2025-06-04 09:54:38,150 [INFO] Fetched  60 new items (offset=9999, cumulative=7565)
2025-06-04 09:54:38,264 [WARNING] No new items at offset 9999 (batch 1)
2025-06-04 09:54:38,264 [INFO] Fetched   0 new items (offset=9999, cumulative=7565)
2025-06-04 09:54:38,433 [WARNING] No new items at offset 9999 (batch 2)
2025-06-04 09:54:38,434 [INFO] Fetched   0 new items (offset=9999, cumulative=7565)
2025-06-04 09:54:38,588 [WARNING] No new items at offset 9999 (batch 3)
2025-06-04 09:54:38,588 [INFO] Fetched   0 new items (offset=9999, cumulative=7565)
2025-06-04 09:54:38,726 [WARNING] No new items at offset 9999 (batch 4)
2025-06-04 09:54:38,727 [INFO] Fetched   0 new items (offset=9999, cumulative=7565)
2025-06-04 09:54:38,877 [WARNING] No new items at offset 9999 (batch 5)
2025-06-04 09:54:38,877 [INFO] Fetched   0 new items (offset=9999, cumulative=7565)
2025-06-04 09:54:39,017 [WARNING] No new items at offset 9999 (batch 6)
2025-06-04 09:54:39,017 [INFO] Fetched   0 new items (offset=9999, cumulative=7565)
2025-06-04 09:54:39,152 [WARNING] No new items at offset 9999 (batch 7)
2025-06-04 09:54:39,153 [INFO] Fetched   0 new items (offset=9999, cumulative=7565)
2025-06-04 09:54:39,288 [WARNING] No new items at offset 9999 (batch 8)
2025-06-04 09:54:39,288 [INFO] Fetched   0 new items (offset=9999, cumulative=7565)
2025-06-04 09:54:39,437 [WARNING] No new items at offset 9999 (batch 9)
2025-06-04 09:54:39,437 [INFO] Fetched   0 new items (offset=9999, cumulative=7565)
2025-06-04 09:54:39,550 [WARNING] No new items at offset 9999 (batch 10)
2025-06-04 09:54:39,550 [WARNING] Exiting after 10 consecutive empty batches
2025-06-04 09:54:39,551 [INFO] Total unique skus: 7565
