2025-06-02 14:47:44,348 [INFO] Fetched (200) <GET https://www.wholefoodsmarket.com/> (referer: https://www.google.com/search?q=wholefoodsmarket)
2025-06-02 14:47:45,603 [INFO] API reports 14764 total SKUs
2025-06-02 14:47:45,604 [INFO] Fetched  60 new items (offset=0, cumulative=60)
2025-06-02 14:47:45,769 [INFO] Fetched  54 new items (offset=60, cumulative=114)
2025-06-02 14:47:45,947 [INFO] Fetched  59 new items (offset=120, cumulative=173)
2025-06-02 14:47:46,110 [INFO] Fetched  60 new items (offset=180, cumulative=233)
2025-06-02 14:47:46,311 [INFO] Fetched  45 new items (offset=240, cumulative=278)
2025-06-02 14:47:46,473 [INFO] Fetched  60 new items (offset=300, cumulative=338)
2025-06-02 14:47:46,651 [INFO] Fetched  59 new items (offset=360, cumulative=397)
2025-06-02 14:47:46,811 [INFO] Fetched  31 new items (offset=420, cumulative=428)
2025-06-02 14:47:46,993 [INFO] Fetched  38 new items (offset=480, cumulative=466)
2025-06-02 14:47:47,151 [INFO] Fetched  34 new items (offset=540, cumulative=500)
2025-06-02 14:47:47,337 [INFO] Fetched  54 new items (offset=600, cumulative=554)
2025-06-02 14:47:47,515 [INFO] Fetched  59 new items (offset=660, cumulative=613)
2025-06-02 14:47:47,704 [INFO] Fetched  57 new items (offset=720, cumulative=670)
2025-06-02 14:47:47,917 [INFO] Fetched  57 new items (offset=780, cumulative=727)
2025-06-02 14:47:48,101 [INFO] Fetched  60 new items (offset=840, cumulative=787)
2025-06-02 14:47:48,260 [INFO] Fetched  60 new items (offset=900, cumulative=847)
2025-06-02 14:47:48,422 [INFO] Fetched  39 new items (offset=960, cumulative=886)
2025-06-02 14:47:48,598 [INFO] Fetched  60 new items (offset=1020, cumulative=946)
2025-06-02 14:47:48,878 [INFO] Fetched  50 new items (offset=1080, cumulative=996)
2025-06-02 14:47:49,041 [INFO] Fetched  26 new items (offset=1140, cumulative=1022)
2025-06-02 14:47:49,212 [INFO] Fetched  60 new items (offset=1200, cumulative=1082)
2025-06-02 14:47:49,401 [INFO] Fetched  40 new items (offset=1260, cumulative=1122)
2025-06-02 14:47:49,581 [INFO] Fetched  56 new items (offset=1320, cumulative=1178)
2025-06-02 14:47:49,796 [INFO] Fetched  38 new items (offset=1380, cumulative=1216)
2025-06-02 14:47:50,155 [INFO] Fetched  21 new items (offset=1440, cumulative=1237)
2025-06-02 14:47:50,327 [INFO] Fetched  31 new items (offset=1500, cumulative=1268)
2025-06-02 14:47:50,503 [INFO] Fetched  36 new items (offset=1560, cumulative=1304)
2025-06-02 14:47:50,663 [INFO] Fetched  29 new items (offset=1620, cumulative=1333)
2025-06-02 14:47:50,840 [INFO] Fetched  45 new items (offset=1680, cumulative=1378)
2025-06-02 14:47:51,003 [INFO] Fetched  60 new items (offset=1740, cumulative=1438)
2025-06-02 14:47:51,172 [INFO] Fetched  51 new items (offset=1800, cumulative=1489)
2025-06-02 14:47:51,334 [INFO] Fetched  31 new items (offset=1860, cumulative=1520)
2025-06-02 14:47:51,514 [INFO] Fetched  48 new items (offset=1920, cumulative=1568)
2025-06-02 14:47:51,701 [INFO] Fetched  47 new items (offset=1980, cumulative=1615)
2025-06-02 14:47:51,899 [INFO] Fetched  60 new items (offset=2040, cumulative=1675)
2025-06-02 14:47:52,063 [INFO] Fetched  49 new items (offset=2100, cumulative=1724)
2025-06-02 14:47:52,255 [INFO] Fetched  60 new items (offset=2160, cumulative=1784)
2025-06-02 14:47:52,442 [INFO] Fetched  31 new items (offset=2220, cumulative=1815)
2025-06-02 14:47:52,605 [INFO] Fetched  53 new items (offset=2280, cumulative=1868)
2025-06-02 14:47:52,766 [INFO] Fetched  31 new items (offset=2340, cumulative=1899)
2025-06-02 14:47:52,972 [INFO] Fetched  53 new items (offset=2400, cumulative=1952)
2025-06-02 14:47:53,137 [INFO] Fetched  39 new items (offset=2460, cumulative=1991)
2025-06-02 14:47:53,306 [INFO] Fetched  20 new items (offset=2520, cumulative=2011)
2025-06-02 14:47:53,488 [INFO] Fetched  37 new items (offset=2580, cumulative=2048)
2025-06-02 14:47:53,648 [INFO] Fetched  13 new items (offset=2640, cumulative=2061)
2025-06-02 14:47:53,832 [INFO] Fetched  60 new items (offset=2700, cumulative=2121)
2025-06-02 14:47:53,994 [INFO] Fetched  60 new items (offset=2760, cumulative=2181)
2025-06-02 14:47:54,164 [INFO] Fetched  48 new items (offset=2820, cumulative=2229)
2025-06-02 14:47:54,320 [INFO] Fetched  46 new items (offset=2880, cumulative=2275)
2025-06-02 14:47:54,505 [INFO] Fetched  44 new items (offset=2940, cumulative=2319)
2025-06-02 14:47:54,669 [INFO] Fetched  59 new items (offset=3000, cumulative=2378)
2025-06-02 14:47:54,830 [INFO] Fetched  59 new items (offset=3060, cumulative=2437)
2025-06-02 14:47:55,012 [INFO] Fetched  60 new items (offset=3120, cumulative=2497)
2025-06-02 14:47:55,178 [INFO] Fetched  41 new items (offset=3180, cumulative=2538)
2025-06-02 14:47:55,335 [INFO] Fetched  46 new items (offset=3240, cumulative=2584)
2025-06-02 14:47:55,514 [INFO] Fetched  24 new items (offset=3300, cumulative=2608)
2025-06-02 14:47:55,696 [INFO] Fetched  45 new items (offset=3360, cumulative=2653)
2025-06-02 14:47:55,854 [INFO] Fetched  22 new items (offset=3420, cumulative=2675)
2025-06-02 14:47:56,140 [INFO] Fetched  22 new items (offset=3480, cumulative=2697)
2025-06-02 14:47:56,365 [INFO] Fetched  29 new items (offset=3540, cumulative=2726)
2025-06-02 14:47:56,532 [INFO] Fetched  53 new items (offset=3600, cumulative=2779)
2025-06-02 14:47:56,723 [INFO] Fetched  33 new items (offset=3660, cumulative=2812)
2025-06-02 14:47:56,932 [INFO] Fetched  32 new items (offset=3720, cumulative=2844)
2025-06-02 14:47:57,096 [INFO] Fetched  59 new items (offset=3780, cumulative=2903)
2025-06-02 14:47:57,273 [INFO] Fetched  45 new items (offset=3840, cumulative=2948)
2025-06-02 14:47:57,457 [INFO] Fetched  12 new items (offset=3900, cumulative=2960)
2025-06-02 14:47:57,622 [INFO] Fetched  52 new items (offset=3960, cumulative=3012)
2025-06-02 14:47:57,838 [INFO] Fetched  56 new items (offset=4020, cumulative=3068)
2025-06-02 14:47:58,023 [INFO] Fetched  41 new items (offset=4080, cumulative=3109)
2025-06-02 14:47:58,185 [INFO] Fetched  41 new items (offset=4140, cumulative=3150)
2025-06-02 14:47:58,366 [INFO] Fetched  60 new items (offset=4200, cumulative=3210)
2025-06-02 14:47:58,594 [INFO] Fetched  59 new items (offset=4260, cumulative=3269)
2025-06-02 14:47:58,764 [INFO] Fetched  50 new items (offset=4320, cumulative=3319)
2025-06-02 14:47:58,929 [INFO] Fetched  50 new items (offset=4380, cumulative=3369)
2025-06-02 14:47:59,110 [INFO] Fetched  51 new items (offset=4440, cumulative=3420)
2025-06-02 14:47:59,404 [INFO] Fetched  24 new items (offset=4500, cumulative=3444)
2025-06-02 14:47:59,613 [INFO] Fetched  60 new items (offset=4560, cumulative=3504)
2025-06-02 14:47:59,785 [INFO] Fetched  60 new items (offset=4620, cumulative=3564)
2025-06-02 14:48:00,131 [INFO] Fetched  48 new items (offset=4680, cumulative=3612)
2025-06-02 14:48:00,332 [INFO] Fetched  46 new items (offset=4740, cumulative=3658)
2025-06-02 14:48:00,525 [INFO] Fetched  35 new items (offset=4800, cumulative=3693)
2025-06-02 14:48:00,739 [INFO] Fetched  46 new items (offset=4860, cumulative=3739)
2025-06-02 14:48:00,907 [INFO] Fetched  40 new items (offset=4920, cumulative=3779)
2025-06-02 14:48:01,126 [INFO] Fetched  60 new items (offset=4980, cumulative=3839)
2025-06-02 14:48:01,617 [INFO] Fetched  14 new items (offset=5040, cumulative=3853)
2025-06-02 14:48:02,107 [INFO] Fetched  35 new items (offset=5100, cumulative=3888)
2025-06-02 14:48:02,292 [INFO] Fetched  54 new items (offset=5160, cumulative=3942)
2025-06-02 14:48:02,695 [INFO] Fetched  60 new items (offset=5220, cumulative=4002)
2025-06-02 14:48:02,886 [INFO] Fetched  60 new items (offset=5280, cumulative=4062)
2025-06-02 14:48:03,073 [INFO] Fetched  55 new items (offset=5340, cumulative=4117)
2025-06-02 14:48:03,242 [INFO] Fetched  51 new items (offset=5400, cumulative=4168)
2025-06-02 14:48:03,426 [INFO] Fetched  41 new items (offset=5460, cumulative=4209)
2025-06-02 14:48:03,632 [INFO] Fetched  41 new items (offset=5520, cumulative=4250)
2025-06-02 14:48:03,795 [INFO] Fetched  49 new items (offset=5580, cumulative=4299)
2025-06-02 14:48:03,985 [INFO] Fetched  39 new items (offset=5640, cumulative=4338)
2025-06-02 14:48:04,191 [INFO] Fetched  45 new items (offset=5700, cumulative=4383)
2025-06-02 14:48:04,397 [INFO] Fetched  55 new items (offset=5760, cumulative=4438)
2025-06-02 14:48:04,562 [INFO] Fetched  20 new items (offset=5820, cumulative=4458)
2025-06-02 14:48:04,751 [INFO] Fetched  31 new items (offset=5880, cumulative=4489)
2025-06-02 14:48:04,936 [INFO] Fetched  39 new items (offset=5940, cumulative=4528)
2025-06-02 14:48:05,097 [INFO] Fetched  60 new items (offset=6000, cumulative=4588)
2025-06-02 14:48:05,304 [INFO] Fetched  60 new items (offset=6060, cumulative=4648)
2025-06-02 14:48:05,504 [INFO] Fetched  60 new items (offset=6120, cumulative=4708)
2025-06-02 14:48:05,730 [INFO] Fetched  39 new items (offset=6180, cumulative=4747)
2025-06-02 14:48:05,919 [INFO] Fetched  37 new items (offset=6240, cumulative=4784)
2025-06-02 14:48:06,110 [INFO] Fetched  30 new items (offset=6300, cumulative=4814)
2025-06-02 14:48:06,270 [INFO] Fetched  31 new items (offset=6360, cumulative=4845)
2025-06-02 14:48:06,441 [INFO] Fetched  60 new items (offset=6420, cumulative=4905)
2025-06-02 14:48:06,628 [INFO] Fetched  41 new items (offset=6480, cumulative=4946)
2025-06-02 14:48:06,789 [INFO] Fetched  51 new items (offset=6540, cumulative=4997)
2025-06-02 14:48:06,950 [INFO] Fetched  43 new items (offset=6600, cumulative=5040)
2025-06-02 14:48:07,114 [INFO] Fetched  44 new items (offset=6660, cumulative=5084)
2025-06-02 14:48:07,308 [INFO] Fetched  23 new items (offset=6720, cumulative=5107)
2025-06-02 14:48:07,502 [INFO] Fetched  41 new items (offset=6780, cumulative=5148)
2025-06-02 14:48:07,684 [INFO] Fetched  43 new items (offset=6840, cumulative=5191)
2025-06-02 14:48:07,852 [INFO] Fetched  28 new items (offset=6900, cumulative=5219)
2025-06-02 14:48:08,008 [INFO] Fetched  43 new items (offset=6960, cumulative=5262)
2025-06-02 14:48:08,215 [INFO] Fetched  24 new items (offset=7020, cumulative=5286)
2025-06-02 14:48:08,428 [INFO] Fetched  34 new items (offset=7080, cumulative=5320)
2025-06-02 14:48:08,616 [INFO] Fetched  60 new items (offset=7140, cumulative=5380)
2025-06-02 14:48:08,776 [INFO] Fetched  49 new items (offset=7200, cumulative=5429)
2025-06-02 14:48:08,943 [INFO] Fetched  57 new items (offset=7260, cumulative=5486)
2025-06-02 14:48:09,151 [INFO] Fetched  50 new items (offset=7320, cumulative=5536)
2025-06-02 14:48:09,311 [INFO] Fetched  38 new items (offset=7380, cumulative=5574)
2025-06-02 14:48:09,473 [INFO] Fetched  47 new items (offset=7440, cumulative=5621)
2025-06-02 14:48:09,657 [INFO] Fetched  29 new items (offset=7500, cumulative=5650)
2025-06-02 14:48:09,844 [INFO] Fetched  54 new items (offset=7560, cumulative=5704)
2025-06-02 14:48:10,002 [INFO] Fetched  41 new items (offset=7620, cumulative=5745)
2025-06-02 14:48:10,161 [INFO] Fetched  30 new items (offset=7680, cumulative=5775)
2025-06-02 14:48:10,338 [INFO] Fetched  44 new items (offset=7740, cumulative=5819)
2025-06-02 14:48:10,523 [INFO] Fetched  49 new items (offset=7800, cumulative=5868)
2025-06-02 14:48:10,732 [INFO] Fetched  48 new items (offset=7860, cumulative=5916)
2025-06-02 14:48:10,926 [INFO] Fetched  41 new items (offset=7920, cumulative=5957)
2025-06-02 14:48:11,154 [INFO] Fetched  49 new items (offset=7980, cumulative=6006)
2025-06-02 14:48:11,373 [INFO] Fetched  33 new items (offset=8040, cumulative=6039)
2025-06-02 14:48:11,567 [INFO] Fetched  40 new items (offset=8100, cumulative=6079)
2025-06-02 14:48:11,747 [INFO] Fetched  57 new items (offset=8160, cumulative=6136)
2025-06-02 14:48:11,928 [WARNING] No new items at offset 8220 (batch 1)
2025-06-02 14:48:11,928 [INFO] Fetched   0 new items (offset=8220, cumulative=6136)
2025-06-02 14:48:12,111 [INFO] Fetched  60 new items (offset=8280, cumulative=6196)
2025-06-02 14:48:12,281 [INFO] Fetched  55 new items (offset=8340, cumulative=6251)
2025-06-02 14:48:12,460 [INFO] Fetched  51 new items (offset=8400, cumulative=6302)
2025-06-02 14:48:12,641 [INFO] Fetched  55 new items (offset=8460, cumulative=6357)
2025-06-02 14:48:12,803 [INFO] Fetched  60 new items (offset=8520, cumulative=6417)
2025-06-02 14:48:13,078 [INFO] Fetched  39 new items (offset=8580, cumulative=6456)
2025-06-02 14:48:13,320 [INFO] Fetched  49 new items (offset=8640, cumulative=6505)
2025-06-02 14:48:13,633 [INFO] Fetched  60 new items (offset=8700, cumulative=6565)
2025-06-02 14:48:13,831 [INFO] Fetched  53 new items (offset=8760, cumulative=6618)
2025-06-02 14:48:14,026 [INFO] Fetched  34 new items (offset=8820, cumulative=6652)
2025-06-02 14:48:14,436 [INFO] Fetched  60 new items (offset=8880, cumulative=6712)
2025-06-02 14:48:14,633 [INFO] Fetched  60 new items (offset=8940, cumulative=6772)
2025-06-02 14:48:14,821 [INFO] Fetched  60 new items (offset=9000, cumulative=6832)
2025-06-02 14:48:15,051 [INFO] Fetched  44 new items (offset=9060, cumulative=6876)
2025-06-02 14:48:15,235 [INFO] Fetched  60 new items (offset=9120, cumulative=6936)
2025-06-02 14:48:15,419 [INFO] Fetched  60 new items (offset=9180, cumulative=6996)
2025-06-02 14:48:15,681 [INFO] Fetched  51 new items (offset=9240, cumulative=7047)
2025-06-02 14:48:15,871 [INFO] Fetched  55 new items (offset=9300, cumulative=7102)
2025-06-02 14:48:16,207 [INFO] Fetched  41 new items (offset=9360, cumulative=7143)
2025-06-02 14:48:16,375 [INFO] Fetched  47 new items (offset=9420, cumulative=7190)
2025-06-02 14:48:16,571 [INFO] Fetched  38 new items (offset=9480, cumulative=7228)
2025-06-02 14:48:16,756 [INFO] Fetched  33 new items (offset=9540, cumulative=7261)
2025-06-02 14:48:16,947 [INFO] Fetched  40 new items (offset=9600, cumulative=7301)
2025-06-02 14:48:17,129 [INFO] Fetched  47 new items (offset=9660, cumulative=7348)
2025-06-02 14:48:17,299 [INFO] Fetched  51 new items (offset=9720, cumulative=7399)
2025-06-02 14:48:17,467 [INFO] Fetched  49 new items (offset=9780, cumulative=7448)
2025-06-02 14:48:17,657 [INFO] Fetched  43 new items (offset=9840, cumulative=7491)
2025-06-02 14:48:17,841 [INFO] Fetched  58 new items (offset=9900, cumulative=7549)
2025-06-02 14:48:18,070 [INFO] Fetched   5 new items (offset=9960, cumulative=7554)
2025-06-02 14:48:18,274 [INFO] Fetched  17 new items (offset=9999, cumulative=7571)
2025-06-02 14:48:18,439 [INFO] Fetched  60 new items (offset=9999, cumulative=7631)
2025-06-02 14:48:18,913 [WARNING] No new items at offset 9999 (batch 1)
2025-06-02 14:48:18,913 [INFO] Fetched   0 new items (offset=9999, cumulative=7631)
2025-06-02 14:48:19,100 [WARNING] No new items at offset 9999 (batch 2)
2025-06-02 14:48:19,100 [INFO] Fetched   0 new items (offset=9999, cumulative=7631)
2025-06-02 14:48:19,373 [WARNING] No new items at offset 9999 (batch 3)
2025-06-02 14:48:19,374 [INFO] Fetched   0 new items (offset=9999, cumulative=7631)
2025-06-02 14:48:19,540 [WARNING] No new items at offset 9999 (batch 4)
2025-06-02 14:48:19,540 [INFO] Fetched   0 new items (offset=9999, cumulative=7631)
2025-06-02 14:48:19,733 [WARNING] No new items at offset 9999 (batch 5)
2025-06-02 14:48:19,733 [INFO] Fetched   0 new items (offset=9999, cumulative=7631)
2025-06-02 14:48:19,962 [WARNING] No new items at offset 9999 (batch 6)
2025-06-02 14:48:19,962 [INFO] Fetched   0 new items (offset=9999, cumulative=7631)
2025-06-02 14:48:20,149 [WARNING] No new items at offset 9999 (batch 7)
2025-06-02 14:48:20,150 [INFO] Fetched   0 new items (offset=9999, cumulative=7631)
2025-06-02 14:48:20,316 [WARNING] No new items at offset 9999 (batch 8)
2025-06-02 14:48:20,316 [INFO] Fetched   0 new items (offset=9999, cumulative=7631)
2025-06-02 14:48:20,478 [WARNING] No new items at offset 9999 (batch 9)
2025-06-02 14:48:20,479 [INFO] Fetched   0 new items (offset=9999, cumulative=7631)
2025-06-02 14:48:20,657 [WARNING] No new items at offset 9999 (batch 10)
2025-06-02 14:48:20,657 [WARNING] Exiting after 10 consecutive empty batches
2025-06-02 14:48:20,658 [INFO] Total unique skus: 7631
